[0.048s] DEBUG:colcon:Command line arguments: ['/usr/bin/colcon', 'build']
[0.048s] DEBUG:colcon:Parsed command line arguments: Namespace(log_base=None, log_level=None, verb_name='build', build_base='build', install_base='install', merge_install=False, symlink_install=False, test_result_base=None, continue_on_error=False, executor='parallel', parallel_workers=6, event_handlers=None, ignore_user_meta=False, metas=['./colcon.meta'], base_paths=['.'], packages_ignore=None, packages_ignore_regex=None, paths=None, packages_up_to=None, packages_up_to_regex=None, packages_above=None, packages_above_and_dependencies=None, packages_above_depth=None, packages_select_by_dep=None, packages_skip_by_dep=None, packages_skip_up_to=None, packages_select_build_failed=False, packages_skip_build_finished=False, packages_select_test_failures=False, packages_skip_test_passed=False, packages_select=None, packages_skip=None, packages_select_regex=None, packages_skip_regex=None, packages_start=None, packages_end=None, allow_overriding=[], cmake_args=None, cmake_target=None, cmake_target_skip_unavailable=False, cmake_clean_cache=False, cmake_clean_first=False, cmake_force_configure=False, ament_cmake_args=None, catkin_cmake_args=None, catkin_skip_building_tests=False, verb_parser=<colcon_defaults.argument_parser.defaults.DefaultArgumentsDecorator object at 0xee22a9f880d0>, verb_extension=<colcon_core.verb.build.BuildVerb object at 0xee22aa187700>, main=<bound method BuildVerb.main of <colcon_core.verb.build.BuildVerb object at 0xee22aa187700>>)
[0.107s] Level 1:colcon.colcon_core.package_discovery:discover_packages(colcon_meta) check parameters
[0.107s] Level 1:colcon.colcon_core.package_discovery:discover_packages(recursive) check parameters
[0.107s] Level 1:colcon.colcon_core.package_discovery:discover_packages(ignore) check parameters
[0.107s] Level 1:colcon.colcon_core.package_discovery:discover_packages(path) check parameters
[0.107s] Level 1:colcon.colcon_core.package_discovery:discover_packages(colcon_meta) discover
[0.107s] Level 1:colcon.colcon_core.package_discovery:discover_packages(recursive) discover
[0.107s] INFO:colcon.colcon_core.package_discovery:Crawling recursively for packages in '/home/firm2204/exam1_ws'
[0.107s] Level 1:colcon.colcon_core.package_identification:_identify(.) by extensions ['ignore', 'ignore_ament_install']
[0.108s] Level 1:colcon.colcon_core.package_identification:_identify(.) by extension 'ignore'
[0.108s] Level 1:colcon.colcon_core.package_identification:_identify(.) by extension 'ignore_ament_install'
[0.108s] Level 1:colcon.colcon_core.package_identification:_identify(.) by extensions ['colcon_pkg']
[0.108s] Level 1:colcon.colcon_core.package_identification:_identify(.) by extension 'colcon_pkg'
[0.108s] Level 1:colcon.colcon_core.package_identification:_identify(.) by extensions ['colcon_meta']
[0.108s] Level 1:colcon.colcon_core.package_identification:_identify(.) by extension 'colcon_meta'
[0.108s] Level 1:colcon.colcon_core.package_identification:_identify(.) by extensions ['ros']
[0.108s] Level 1:colcon.colcon_core.package_identification:_identify(.) by extension 'ros'
[0.112s] Level 1:colcon.colcon_core.package_identification:_identify(.) by extensions ['cmake', 'python']
[0.112s] Level 1:colcon.colcon_core.package_identification:_identify(.) by extension 'cmake'
[0.112s] Level 1:colcon.colcon_core.package_identification:_identify(.) by extension 'python'
[0.112s] Level 1:colcon.colcon_core.package_identification:_identify(.) by extensions ['python_setup_py']
[0.112s] Level 1:colcon.colcon_core.package_identification:_identify(.) by extension 'python_setup_py'
[0.113s] Level 1:colcon.colcon_core.package_identification:_identify(build) by extensions ['ignore', 'ignore_ament_install']
[0.113s] Level 1:colcon.colcon_core.package_identification:_identify(build) by extension 'ignore'
[0.113s] Level 1:colcon.colcon_core.package_identification:_identify(build) ignored
[0.113s] Level 1:colcon.colcon_core.package_identification:_identify(install) by extensions ['ignore', 'ignore_ament_install']
[0.113s] Level 1:colcon.colcon_core.package_identification:_identify(install) by extension 'ignore'
[0.113s] Level 1:colcon.colcon_core.package_identification:_identify(install) ignored
[0.113s] Level 1:colcon.colcon_core.package_identification:_identify(log) by extensions ['ignore', 'ignore_ament_install']
[0.113s] Level 1:colcon.colcon_core.package_identification:_identify(log) by extension 'ignore'
[0.113s] Level 1:colcon.colcon_core.package_identification:_identify(log) ignored
[0.113s] Level 1:colcon.colcon_core.package_identification:_identify(src) by extensions ['ignore', 'ignore_ament_install']
[0.113s] Level 1:colcon.colcon_core.package_identification:_identify(src) by extension 'ignore'
[0.113s] Level 1:colcon.colcon_core.package_identification:_identify(src) by extension 'ignore_ament_install'
[0.113s] Level 1:colcon.colcon_core.package_identification:_identify(src) by extensions ['colcon_pkg']
[0.113s] Level 1:colcon.colcon_core.package_identification:_identify(src) by extension 'colcon_pkg'
[0.113s] Level 1:colcon.colcon_core.package_identification:_identify(src) by extensions ['colcon_meta']
[0.113s] Level 1:colcon.colcon_core.package_identification:_identify(src) by extension 'colcon_meta'
[0.113s] Level 1:colcon.colcon_core.package_identification:_identify(src) by extensions ['ros']
[0.113s] Level 1:colcon.colcon_core.package_identification:_identify(src) by extension 'ros'
[0.113s] Level 1:colcon.colcon_core.package_identification:_identify(src) by extensions ['cmake', 'python']
[0.113s] Level 1:colcon.colcon_core.package_identification:_identify(src) by extension 'cmake'
[0.113s] Level 1:colcon.colcon_core.package_identification:_identify(src) by extension 'python'
[0.113s] Level 1:colcon.colcon_core.package_identification:_identify(src) by extensions ['python_setup_py']
[0.113s] Level 1:colcon.colcon_core.package_identification:_identify(src) by extension 'python_setup_py'
[0.113s] Level 1:colcon.colcon_core.package_identification:_identify(src/lec) by extensions ['ignore', 'ignore_ament_install']
[0.113s] Level 1:colcon.colcon_core.package_identification:_identify(src/lec) by extension 'ignore'
[0.113s] Level 1:colcon.colcon_core.package_identification:_identify(src/lec) by extension 'ignore_ament_install'
[0.113s] Level 1:colcon.colcon_core.package_identification:_identify(src/lec) by extensions ['colcon_pkg']
[0.113s] Level 1:colcon.colcon_core.package_identification:_identify(src/lec) by extension 'colcon_pkg'
[0.113s] Level 1:colcon.colcon_core.package_identification:_identify(src/lec) by extensions ['colcon_meta']
[0.113s] Level 1:colcon.colcon_core.package_identification:_identify(src/lec) by extension 'colcon_meta'
[0.113s] Level 1:colcon.colcon_core.package_identification:_identify(src/lec) by extensions ['ros']
[0.113s] Level 1:colcon.colcon_core.package_identification:_identify(src/lec) by extension 'ros'
[0.114s] DEBUG:colcon.colcon_core.package_identification:Package 'src/lec' with type 'ros.ament_cmake' and name 'lec'
[0.114s] Level 1:colcon.colcon_core.package_identification:_identify(src/turtle_fantastic) by extensions ['ignore', 'ignore_ament_install']
[0.114s] Level 1:colcon.colcon_core.package_identification:_identify(src/turtle_fantastic) by extension 'ignore'
[0.114s] Level 1:colcon.colcon_core.package_identification:_identify(src/turtle_fantastic) by extension 'ignore_ament_install'
[0.114s] Level 1:colcon.colcon_core.package_identification:_identify(src/turtle_fantastic) by extensions ['colcon_pkg']
[0.114s] Level 1:colcon.colcon_core.package_identification:_identify(src/turtle_fantastic) by extension 'colcon_pkg'
[0.114s] Level 1:colcon.colcon_core.package_identification:_identify(src/turtle_fantastic) by extensions ['colcon_meta']
[0.114s] Level 1:colcon.colcon_core.package_identification:_identify(src/turtle_fantastic) by extension 'colcon_meta'
[0.114s] Level 1:colcon.colcon_core.package_identification:_identify(src/turtle_fantastic) by extensions ['ros']
[0.114s] Level 1:colcon.colcon_core.package_identification:_identify(src/turtle_fantastic) by extension 'ros'
[0.115s] DEBUG:colcon.colcon_core.package_identification:Package 'src/turtle_fantastic' with type 'ros.ament_cmake' and name 'turtle_fantastic'
[0.115s] Level 1:colcon.colcon_core.package_identification:_identify(src/turtlesim_plus) by extensions ['ignore', 'ignore_ament_install']
[0.115s] Level 1:colcon.colcon_core.package_identification:_identify(src/turtlesim_plus) by extension 'ignore'
[0.115s] Level 1:colcon.colcon_core.package_identification:_identify(src/turtlesim_plus) by extension 'ignore_ament_install'
[0.115s] Level 1:colcon.colcon_core.package_identification:_identify(src/turtlesim_plus) by extensions ['colcon_pkg']
[0.115s] Level 1:colcon.colcon_core.package_identification:_identify(src/turtlesim_plus) by extension 'colcon_pkg'
[0.115s] Level 1:colcon.colcon_core.package_identification:_identify(src/turtlesim_plus) by extensions ['colcon_meta']
[0.115s] Level 1:colcon.colcon_core.package_identification:_identify(src/turtlesim_plus) by extension 'colcon_meta'
[0.115s] Level 1:colcon.colcon_core.package_identification:_identify(src/turtlesim_plus) by extensions ['ros']
[0.115s] Level 1:colcon.colcon_core.package_identification:_identify(src/turtlesim_plus) by extension 'ros'
[0.115s] Level 1:colcon.colcon_core.package_identification:_identify(src/turtlesim_plus) by extensions ['cmake', 'python']
[0.115s] Level 1:colcon.colcon_core.package_identification:_identify(src/turtlesim_plus) by extension 'cmake'
[0.115s] Level 1:colcon.colcon_core.package_identification:_identify(src/turtlesim_plus) by extension 'python'
[0.115s] Level 1:colcon.colcon_core.package_identification:_identify(src/turtlesim_plus) by extensions ['python_setup_py']
[0.115s] Level 1:colcon.colcon_core.package_identification:_identify(src/turtlesim_plus) by extension 'python_setup_py'
[0.115s] Level 1:colcon.colcon_core.package_identification:_identify(src/turtlesim_plus/turtlesim_plus) by extensions ['ignore', 'ignore_ament_install']
[0.115s] Level 1:colcon.colcon_core.package_identification:_identify(src/turtlesim_plus/turtlesim_plus) by extension 'ignore'
[0.115s] Level 1:colcon.colcon_core.package_identification:_identify(src/turtlesim_plus/turtlesim_plus) by extension 'ignore_ament_install'
[0.115s] Level 1:colcon.colcon_core.package_identification:_identify(src/turtlesim_plus/turtlesim_plus) by extensions ['colcon_pkg']
[0.115s] Level 1:colcon.colcon_core.package_identification:_identify(src/turtlesim_plus/turtlesim_plus) by extension 'colcon_pkg'
[0.115s] Level 1:colcon.colcon_core.package_identification:_identify(src/turtlesim_plus/turtlesim_plus) by extensions ['colcon_meta']
[0.115s] Level 1:colcon.colcon_core.package_identification:_identify(src/turtlesim_plus/turtlesim_plus) by extension 'colcon_meta'
[0.115s] Level 1:colcon.colcon_core.package_identification:_identify(src/turtlesim_plus/turtlesim_plus) by extensions ['ros']
[0.115s] Level 1:colcon.colcon_core.package_identification:_identify(src/turtlesim_plus/turtlesim_plus) by extension 'ros'
[0.116s] DEBUG:colcon.colcon_core.package_identification:Package 'src/turtlesim_plus/turtlesim_plus' with type 'ros.ament_cmake' and name 'turtlesim_plus'
[0.116s] Level 1:colcon.colcon_core.package_identification:_identify(src/turtlesim_plus/turtlesim_plus_interfaces) by extensions ['ignore', 'ignore_ament_install']
[0.116s] Level 1:colcon.colcon_core.package_identification:_identify(src/turtlesim_plus/turtlesim_plus_interfaces) by extension 'ignore'
[0.116s] Level 1:colcon.colcon_core.package_identification:_identify(src/turtlesim_plus/turtlesim_plus_interfaces) by extension 'ignore_ament_install'
[0.116s] Level 1:colcon.colcon_core.package_identification:_identify(src/turtlesim_plus/turtlesim_plus_interfaces) by extensions ['colcon_pkg']
[0.116s] Level 1:colcon.colcon_core.package_identification:_identify(src/turtlesim_plus/turtlesim_plus_interfaces) by extension 'colcon_pkg'
[0.116s] Level 1:colcon.colcon_core.package_identification:_identify(src/turtlesim_plus/turtlesim_plus_interfaces) by extensions ['colcon_meta']
[0.116s] Level 1:colcon.colcon_core.package_identification:_identify(src/turtlesim_plus/turtlesim_plus_interfaces) by extension 'colcon_meta'
[0.116s] Level 1:colcon.colcon_core.package_identification:_identify(src/turtlesim_plus/turtlesim_plus_interfaces) by extensions ['ros']
[0.116s] Level 1:colcon.colcon_core.package_identification:_identify(src/turtlesim_plus/turtlesim_plus_interfaces) by extension 'ros'
[0.116s] DEBUG:colcon.colcon_core.package_identification:Package 'src/turtlesim_plus/turtlesim_plus_interfaces' with type 'ros.ament_cmake' and name 'turtlesim_plus_interfaces'
[0.116s] Level 1:colcon.colcon_core.package_discovery:discover_packages(recursive) using defaults
[0.116s] Level 1:colcon.colcon_core.package_discovery:discover_packages(ignore) discover
[0.116s] Level 1:colcon.colcon_core.package_discovery:discover_packages(ignore) using defaults
[0.116s] Level 1:colcon.colcon_core.package_discovery:discover_packages(path) discover
[0.116s] Level 1:colcon.colcon_core.package_discovery:discover_packages(path) using defaults
[0.125s] Level 1:colcon.colcon_core.package_discovery:discover_packages(prefix_path) check parameters
[0.125s] Level 1:colcon.colcon_core.package_discovery:discover_packages(prefix_path) discover
[0.126s] DEBUG:colcon.colcon_installed_package_information.package_discovery:Found 2 installed packages in /home/firm2204/exam1_ws/install
[0.126s] DEBUG:colcon.colcon_installed_package_information.package_discovery:Found 271 installed packages in /opt/ros/humble
[0.127s] Level 1:colcon.colcon_core.package_discovery:discover_packages(prefix_path) using defaults
[0.150s] Level 5:colcon.colcon_core.verb:set package 'lec' build argument 'cmake_args' from command line to 'None'
[0.150s] Level 5:colcon.colcon_core.verb:set package 'lec' build argument 'cmake_target' from command line to 'None'
[0.150s] Level 5:colcon.colcon_core.verb:set package 'lec' build argument 'cmake_target_skip_unavailable' from command line to 'False'
[0.150s] Level 5:colcon.colcon_core.verb:set package 'lec' build argument 'cmake_clean_cache' from command line to 'False'
[0.150s] Level 5:colcon.colcon_core.verb:set package 'lec' build argument 'cmake_clean_first' from command line to 'False'
[0.150s] Level 5:colcon.colcon_core.verb:set package 'lec' build argument 'cmake_force_configure' from command line to 'False'
[0.150s] Level 5:colcon.colcon_core.verb:set package 'lec' build argument 'ament_cmake_args' from command line to 'None'
[0.150s] Level 5:colcon.colcon_core.verb:set package 'lec' build argument 'catkin_cmake_args' from command line to 'None'
[0.150s] Level 5:colcon.colcon_core.verb:set package 'lec' build argument 'catkin_skip_building_tests' from command line to 'False'
[0.150s] DEBUG:colcon.colcon_core.verb:Building package 'lec' with the following arguments: {'ament_cmake_args': None, 'build_base': '/home/firm2204/exam1_ws/build/lec', 'catkin_cmake_args': None, 'catkin_skip_building_tests': False, 'cmake_args': None, 'cmake_clean_cache': False, 'cmake_clean_first': False, 'cmake_force_configure': False, 'cmake_target': None, 'cmake_target_skip_unavailable': False, 'install_base': '/home/firm2204/exam1_ws/install/lec', 'merge_install': False, 'path': '/home/firm2204/exam1_ws/src/lec', 'symlink_install': False, 'test_result_base': None}
[0.150s] Level 5:colcon.colcon_core.verb:set package 'turtle_fantastic' build argument 'cmake_args' from command line to 'None'
[0.150s] Level 5:colcon.colcon_core.verb:set package 'turtle_fantastic' build argument 'cmake_target' from command line to 'None'
[0.150s] Level 5:colcon.colcon_core.verb:set package 'turtle_fantastic' build argument 'cmake_target_skip_unavailable' from command line to 'False'
[0.150s] Level 5:colcon.colcon_core.verb:set package 'turtle_fantastic' build argument 'cmake_clean_cache' from command line to 'False'
[0.150s] Level 5:colcon.colcon_core.verb:set package 'turtle_fantastic' build argument 'cmake_clean_first' from command line to 'False'
[0.150s] Level 5:colcon.colcon_core.verb:set package 'turtle_fantastic' build argument 'cmake_force_configure' from command line to 'False'
[0.150s] Level 5:colcon.colcon_core.verb:set package 'turtle_fantastic' build argument 'ament_cmake_args' from command line to 'None'
[0.150s] Level 5:colcon.colcon_core.verb:set package 'turtle_fantastic' build argument 'catkin_cmake_args' from command line to 'None'
[0.150s] Level 5:colcon.colcon_core.verb:set package 'turtle_fantastic' build argument 'catkin_skip_building_tests' from command line to 'False'
[0.150s] DEBUG:colcon.colcon_core.verb:Building package 'turtle_fantastic' with the following arguments: {'ament_cmake_args': None, 'build_base': '/home/firm2204/exam1_ws/build/turtle_fantastic', 'catkin_cmake_args': None, 'catkin_skip_building_tests': False, 'cmake_args': None, 'cmake_clean_cache': False, 'cmake_clean_first': False, 'cmake_force_configure': False, 'cmake_target': None, 'cmake_target_skip_unavailable': False, 'install_base': '/home/firm2204/exam1_ws/install/turtle_fantastic', 'merge_install': False, 'path': '/home/firm2204/exam1_ws/src/turtle_fantastic', 'symlink_install': False, 'test_result_base': None}
[0.150s] Level 5:colcon.colcon_core.verb:set package 'turtlesim_plus' build argument 'cmake_args' from command line to 'None'
[0.150s] Level 5:colcon.colcon_core.verb:set package 'turtlesim_plus' build argument 'cmake_target' from command line to 'None'
[0.150s] Level 5:colcon.colcon_core.verb:set package 'turtlesim_plus' build argument 'cmake_target_skip_unavailable' from command line to 'False'
[0.150s] Level 5:colcon.colcon_core.verb:set package 'turtlesim_plus' build argument 'cmake_clean_cache' from command line to 'False'
[0.150s] Level 5:colcon.colcon_core.verb:set package 'turtlesim_plus' build argument 'cmake_clean_first' from command line to 'False'
[0.150s] Level 5:colcon.colcon_core.verb:set package 'turtlesim_plus' build argument 'cmake_force_configure' from command line to 'False'
[0.150s] Level 5:colcon.colcon_core.verb:set package 'turtlesim_plus' build argument 'ament_cmake_args' from command line to 'None'
[0.150s] Level 5:colcon.colcon_core.verb:set package 'turtlesim_plus' build argument 'catkin_cmake_args' from command line to 'None'
[0.150s] Level 5:colcon.colcon_core.verb:set package 'turtlesim_plus' build argument 'catkin_skip_building_tests' from command line to 'False'
[0.150s] DEBUG:colcon.colcon_core.verb:Building package 'turtlesim_plus' with the following arguments: {'ament_cmake_args': None, 'build_base': '/home/firm2204/exam1_ws/build/turtlesim_plus', 'catkin_cmake_args': None, 'catkin_skip_building_tests': False, 'cmake_args': None, 'cmake_clean_cache': False, 'cmake_clean_first': False, 'cmake_force_configure': False, 'cmake_target': None, 'cmake_target_skip_unavailable': False, 'install_base': '/home/firm2204/exam1_ws/install/turtlesim_plus', 'merge_install': False, 'path': '/home/firm2204/exam1_ws/src/turtlesim_plus/turtlesim_plus', 'symlink_install': False, 'test_result_base': None}
[0.150s] Level 5:colcon.colcon_core.verb:set package 'turtlesim_plus_interfaces' build argument 'cmake_args' from command line to 'None'
[0.151s] Level 5:colcon.colcon_core.verb:set package 'turtlesim_plus_interfaces' build argument 'cmake_target' from command line to 'None'
[0.151s] Level 5:colcon.colcon_core.verb:set package 'turtlesim_plus_interfaces' build argument 'cmake_target_skip_unavailable' from command line to 'False'
[0.151s] Level 5:colcon.colcon_core.verb:set package 'turtlesim_plus_interfaces' build argument 'cmake_clean_cache' from command line to 'False'
[0.151s] Level 5:colcon.colcon_core.verb:set package 'turtlesim_plus_interfaces' build argument 'cmake_clean_first' from command line to 'False'
[0.151s] Level 5:colcon.colcon_core.verb:set package 'turtlesim_plus_interfaces' build argument 'cmake_force_configure' from command line to 'False'
[0.151s] Level 5:colcon.colcon_core.verb:set package 'turtlesim_plus_interfaces' build argument 'ament_cmake_args' from command line to 'None'
[0.151s] Level 5:colcon.colcon_core.verb:set package 'turtlesim_plus_interfaces' build argument 'catkin_cmake_args' from command line to 'None'
[0.151s] Level 5:colcon.colcon_core.verb:set package 'turtlesim_plus_interfaces' build argument 'catkin_skip_building_tests' from command line to 'False'
[0.151s] DEBUG:colcon.colcon_core.verb:Building package 'turtlesim_plus_interfaces' with the following arguments: {'ament_cmake_args': None, 'build_base': '/home/firm2204/exam1_ws/build/turtlesim_plus_interfaces', 'catkin_cmake_args': None, 'catkin_skip_building_tests': False, 'cmake_args': None, 'cmake_clean_cache': False, 'cmake_clean_first': False, 'cmake_force_configure': False, 'cmake_target': None, 'cmake_target_skip_unavailable': False, 'install_base': '/home/firm2204/exam1_ws/install/turtlesim_plus_interfaces', 'merge_install': False, 'path': '/home/firm2204/exam1_ws/src/turtlesim_plus/turtlesim_plus_interfaces', 'symlink_install': False, 'test_result_base': None}
[0.151s] INFO:colcon.colcon_core.executor:Executing jobs using 'parallel' executor
[0.151s] DEBUG:colcon.colcon_parallel_executor.executor.parallel:run_until_complete
[0.151s] INFO:colcon.colcon_ros.task.ament_cmake.build:Building ROS package in '/home/firm2204/exam1_ws/src/lec' with build type 'ament_cmake'
[0.151s] INFO:colcon.colcon_cmake.task.cmake.build:Building CMake package in '/home/firm2204/exam1_ws/src/lec'
[0.152s] INFO:colcon.colcon_core.plugin_system:Skipping extension 'colcon_core.shell.bat': Not used on non-Windows systems
[0.152s] INFO:colcon.colcon_core.shell:Skip shell extension 'powershell' for command environment: Not usable outside of PowerShell
[0.152s] DEBUG:colcon.colcon_core.shell:Skip shell extension 'dsv' for command environment
[0.154s] INFO:colcon.colcon_ros.task.ament_cmake.build:Building ROS package in '/home/firm2204/exam1_ws/src/turtle_fantastic' with build type 'ament_cmake'
[0.154s] INFO:colcon.colcon_cmake.task.cmake.build:Building CMake package in '/home/firm2204/exam1_ws/src/turtle_fantastic'
[0.154s] INFO:colcon.colcon_core.shell:Skip shell extension 'powershell' for command environment: Not usable outside of PowerShell
[0.154s] DEBUG:colcon.colcon_core.shell:Skip shell extension 'dsv' for command environment
[0.155s] INFO:colcon.colcon_ros.task.ament_cmake.build:Building ROS package in '/home/firm2204/exam1_ws/src/turtlesim_plus/turtlesim_plus' with build type 'ament_cmake'
[0.155s] INFO:colcon.colcon_cmake.task.cmake.build:Building CMake package in '/home/firm2204/exam1_ws/src/turtlesim_plus/turtlesim_plus'
[0.155s] INFO:colcon.colcon_core.shell:Skip shell extension 'powershell' for command environment: Not usable outside of PowerShell
[0.155s] DEBUG:colcon.colcon_core.shell:Skip shell extension 'dsv' for command environment
[0.157s] INFO:colcon.colcon_ros.task.ament_cmake.build:Building ROS package in '/home/firm2204/exam1_ws/src/turtlesim_plus/turtlesim_plus_interfaces' with build type 'ament_cmake'
[0.157s] INFO:colcon.colcon_cmake.task.cmake.build:Building CMake package in '/home/firm2204/exam1_ws/src/turtlesim_plus/turtlesim_plus_interfaces'
[0.157s] INFO:colcon.colcon_core.shell:Skip shell extension 'powershell' for command environment: Not usable outside of PowerShell
[0.157s] DEBUG:colcon.colcon_core.shell:Skip shell extension 'dsv' for command environment
[0.160s] DEBUG:colcon.colcon_core.event_handler.log_command:Invoking command in '/home/firm2204/exam1_ws/build/lec': CMAKE_PREFIX_PATH=${CMAKE_PREFIX_PATH}:/opt/ros/humble /usr/bin/cmake --build /home/firm2204/exam1_ws/build/lec -- -j6 -l6
[0.165s] DEBUG:colcon.colcon_core.event_handler.log_command:Invoking command in '/home/firm2204/exam1_ws/build/turtle_fantastic': CMAKE_PREFIX_PATH=${CMAKE_PREFIX_PATH}:/opt/ros/humble /usr/bin/cmake --build /home/firm2204/exam1_ws/build/turtle_fantastic -- -j6 -l6
[0.166s] DEBUG:colcon.colcon_core.event_handler.log_command:Invoking command in '/home/firm2204/exam1_ws/build/turtlesim_plus': CMAKE_PREFIX_PATH=${CMAKE_PREFIX_PATH}:/opt/ros/humble /usr/bin/cmake /home/firm2204/exam1_ws/src/turtlesim_plus/turtlesim_plus -DCMAKE_INSTALL_PREFIX=/home/firm2204/exam1_ws/install/turtlesim_plus
[0.169s] DEBUG:colcon.colcon_core.event_handler.log_command:Invoking command in '/home/firm2204/exam1_ws/build/turtlesim_plus_interfaces': CMAKE_PREFIX_PATH=${CMAKE_PREFIX_PATH}:/opt/ros/humble /usr/bin/cmake /home/firm2204/exam1_ws/src/turtlesim_plus/turtlesim_plus_interfaces -DCMAKE_INSTALL_PREFIX=/home/firm2204/exam1_ws/install/turtlesim_plus_interfaces
[0.321s] DEBUG:colcon.colcon_core.event_handler.log_command:Invoked command in '/home/firm2204/exam1_ws/build/turtle_fantastic' returned '0': CMAKE_PREFIX_PATH=${CMAKE_PREFIX_PATH}:/opt/ros/humble /usr/bin/cmake --build /home/firm2204/exam1_ws/build/turtle_fantastic -- -j6 -l6
[0.336s] DEBUG:colcon.colcon_core.event_handler.log_command:Invoked command in '/home/firm2204/exam1_ws/build/lec' returned '0': CMAKE_PREFIX_PATH=${CMAKE_PREFIX_PATH}:/opt/ros/humble /usr/bin/cmake --build /home/firm2204/exam1_ws/build/lec -- -j6 -l6
[0.345s] DEBUG:colcon.colcon_core.event_handler.log_command:Invoking command in '/home/firm2204/exam1_ws/build/turtle_fantastic': CMAKE_PREFIX_PATH=${CMAKE_PREFIX_PATH}:/opt/ros/humble /usr/bin/cmake --install /home/firm2204/exam1_ws/build/turtle_fantastic
[0.353s] DEBUG:colcon.colcon_core.event_handler.log_command:Invoking command in '/home/firm2204/exam1_ws/build/lec': CMAKE_PREFIX_PATH=${CMAKE_PREFIX_PATH}:/opt/ros/humble /usr/bin/cmake --install /home/firm2204/exam1_ws/build/lec
[0.369s] Level 1:colcon.colcon_core.environment:create_environment_scripts_only(turtle_fantastic)
[0.369s] DEBUG:colcon.colcon_core.event_handler.log_command:Invoked command in '/home/firm2204/exam1_ws/build/turtle_fantastic' returned '0': CMAKE_PREFIX_PATH=${CMAKE_PREFIX_PATH}:/opt/ros/humble /usr/bin/cmake --install /home/firm2204/exam1_ws/build/turtle_fantastic
[0.370s] Level 1:colcon.colcon_core.environment:checking '/home/firm2204/exam1_ws/install/turtle_fantastic' for CMake module files
[0.371s] Level 1:colcon.colcon_core.environment:checking '/home/firm2204/exam1_ws/install/turtle_fantastic' for CMake config files
[0.371s] Level 1:colcon.colcon_core.shell:create_environment_hook('turtle_fantastic', 'cmake_prefix_path')
[0.371s] INFO:colcon.colcon_core.shell:Creating environment hook '/home/firm2204/exam1_ws/install/turtle_fantastic/share/turtle_fantastic/hook/cmake_prefix_path.ps1'
[0.371s] INFO:colcon.colcon_core.shell:Creating environment descriptor '/home/firm2204/exam1_ws/install/turtle_fantastic/share/turtle_fantastic/hook/cmake_prefix_path.dsv'
[0.371s] INFO:colcon.colcon_core.shell:Creating environment hook '/home/firm2204/exam1_ws/install/turtle_fantastic/share/turtle_fantastic/hook/cmake_prefix_path.sh'
[0.372s] Level 1:colcon.colcon_core.environment:checking '/home/firm2204/exam1_ws/install/turtle_fantastic/lib'
[0.372s] Level 1:colcon.colcon_core.environment:checking '/home/firm2204/exam1_ws/install/turtle_fantastic/bin'
[0.372s] Level 1:colcon.colcon_core.environment:checking '/home/firm2204/exam1_ws/install/turtle_fantastic/lib/pkgconfig/turtle_fantastic.pc'
[0.372s] Level 1:colcon.colcon_core.environment:checking '/home/firm2204/exam1_ws/install/turtle_fantastic/lib/python3.10/site-packages'
[0.372s] Level 1:colcon.colcon_core.environment:checking '/home/firm2204/exam1_ws/install/turtle_fantastic/bin'
[0.372s] INFO:colcon.colcon_core.shell:Creating package script '/home/firm2204/exam1_ws/install/turtle_fantastic/share/turtle_fantastic/package.ps1'
[0.373s] INFO:colcon.colcon_core.shell:Creating package descriptor '/home/firm2204/exam1_ws/install/turtle_fantastic/share/turtle_fantastic/package.dsv'
[0.373s] INFO:colcon.colcon_core.shell:Creating package script '/home/firm2204/exam1_ws/install/turtle_fantastic/share/turtle_fantastic/package.sh'
[0.373s] INFO:colcon.colcon_core.shell:Creating package script '/home/firm2204/exam1_ws/install/turtle_fantastic/share/turtle_fantastic/package.bash'
[0.374s] INFO:colcon.colcon_core.shell:Creating package script '/home/firm2204/exam1_ws/install/turtle_fantastic/share/turtle_fantastic/package.zsh'
[0.374s] Level 1:colcon.colcon_core.environment:create_file_with_runtime_dependencies(/home/firm2204/exam1_ws/install/turtle_fantastic/share/colcon-core/packages/turtle_fantastic)
[0.378s] Level 1:colcon.colcon_core.environment:create_environment_scripts_only(lec)
[0.378s] Level 1:colcon.colcon_core.environment:checking '/home/firm2204/exam1_ws/install/lec' for CMake module files
[0.378s] Level 1:colcon.colcon_core.environment:checking '/home/firm2204/exam1_ws/install/lec' for CMake config files
[0.378s] Level 1:colcon.colcon_core.shell:create_environment_hook('lec', 'cmake_prefix_path')
[0.378s] INFO:colcon.colcon_core.shell:Creating environment hook '/home/firm2204/exam1_ws/install/lec/share/lec/hook/cmake_prefix_path.ps1'
[0.378s] INFO:colcon.colcon_core.shell:Creating environment descriptor '/home/firm2204/exam1_ws/install/lec/share/lec/hook/cmake_prefix_path.dsv'
[0.379s] INFO:colcon.colcon_core.shell:Creating environment hook '/home/firm2204/exam1_ws/install/lec/share/lec/hook/cmake_prefix_path.sh'
[0.379s] Level 1:colcon.colcon_core.environment:checking '/home/firm2204/exam1_ws/install/lec/lib'
[0.379s] Level 1:colcon.colcon_core.environment:checking '/home/firm2204/exam1_ws/install/lec/bin'
[0.379s] Level 1:colcon.colcon_core.environment:checking '/home/firm2204/exam1_ws/install/lec/lib/pkgconfig/lec.pc'
[0.379s] Level 1:colcon.colcon_core.environment:checking '/home/firm2204/exam1_ws/install/lec/lib/python3.10/site-packages'
[0.379s] Level 1:colcon.colcon_core.environment:checking '/home/firm2204/exam1_ws/install/lec/bin'
[0.379s] INFO:colcon.colcon_core.shell:Creating package script '/home/firm2204/exam1_ws/install/lec/share/lec/package.ps1'
[0.379s] INFO:colcon.colcon_core.shell:Creating package descriptor '/home/firm2204/exam1_ws/install/lec/share/lec/package.dsv'
[0.379s] INFO:colcon.colcon_core.shell:Creating package script '/home/firm2204/exam1_ws/install/lec/share/lec/package.sh'
[0.380s] INFO:colcon.colcon_core.shell:Creating package script '/home/firm2204/exam1_ws/install/lec/share/lec/package.bash'
[0.380s] INFO:colcon.colcon_core.shell:Creating package script '/home/firm2204/exam1_ws/install/lec/share/lec/package.zsh'
[0.380s] Level 1:colcon.colcon_core.environment:create_file_with_runtime_dependencies(/home/firm2204/exam1_ws/install/lec/share/colcon-core/packages/lec)
[0.380s] DEBUG:colcon.colcon_core.event_handler.log_command:Invoked command in '/home/firm2204/exam1_ws/build/lec' returned '0': CMAKE_PREFIX_PATH=${CMAKE_PREFIX_PATH}:/opt/ros/humble /usr/bin/cmake --install /home/firm2204/exam1_ws/build/lec
[0.387s] Level 1:colcon.colcon_core.environment:create_environment_scripts_only(turtle_fantastic)
[0.387s] Level 1:colcon.colcon_core.environment:checking '/home/firm2204/exam1_ws/install/turtle_fantastic' for CMake module files
[0.388s] Level 1:colcon.colcon_core.environment:checking '/home/firm2204/exam1_ws/install/turtle_fantastic' for CMake config files
[0.388s] Level 1:colcon.colcon_core.shell:create_environment_hook('turtle_fantastic', 'cmake_prefix_path')
[0.388s] INFO:colcon.colcon_core.shell:Creating environment hook '/home/firm2204/exam1_ws/install/turtle_fantastic/share/turtle_fantastic/hook/cmake_prefix_path.ps1'
[0.388s] INFO:colcon.colcon_core.shell:Creating environment descriptor '/home/firm2204/exam1_ws/install/turtle_fantastic/share/turtle_fantastic/hook/cmake_prefix_path.dsv'
[0.388s] INFO:colcon.colcon_core.shell:Creating environment hook '/home/firm2204/exam1_ws/install/turtle_fantastic/share/turtle_fantastic/hook/cmake_prefix_path.sh'
[0.388s] Level 1:colcon.colcon_core.environment:checking '/home/firm2204/exam1_ws/install/turtle_fantastic/lib'
[0.388s] Level 1:colcon.colcon_core.environment:checking '/home/firm2204/exam1_ws/install/turtle_fantastic/bin'
[0.389s] Level 1:colcon.colcon_core.environment:checking '/home/firm2204/exam1_ws/install/turtle_fantastic/lib/pkgconfig/turtle_fantastic.pc'
[0.389s] Level 1:colcon.colcon_core.environment:checking '/home/firm2204/exam1_ws/install/turtle_fantastic/lib/python3.10/site-packages'
[0.389s] Level 1:colcon.colcon_core.environment:checking '/home/firm2204/exam1_ws/install/turtle_fantastic/bin'
[0.389s] INFO:colcon.colcon_core.shell:Creating package script '/home/firm2204/exam1_ws/install/turtle_fantastic/share/turtle_fantastic/package.ps1'
[0.389s] INFO:colcon.colcon_core.shell:Creating package descriptor '/home/firm2204/exam1_ws/install/turtle_fantastic/share/turtle_fantastic/package.dsv'
[0.389s] INFO:colcon.colcon_core.shell:Creating package script '/home/firm2204/exam1_ws/install/turtle_fantastic/share/turtle_fantastic/package.sh'
[0.389s] INFO:colcon.colcon_core.shell:Creating package script '/home/firm2204/exam1_ws/install/turtle_fantastic/share/turtle_fantastic/package.bash'
[0.390s] INFO:colcon.colcon_core.shell:Creating package script '/home/firm2204/exam1_ws/install/turtle_fantastic/share/turtle_fantastic/package.zsh'
[0.390s] Level 1:colcon.colcon_core.environment:create_file_with_runtime_dependencies(/home/firm2204/exam1_ws/install/turtle_fantastic/share/colcon-core/packages/turtle_fantastic)
[0.395s] Level 1:colcon.colcon_core.environment:create_environment_scripts_only(lec)
[0.395s] Level 1:colcon.colcon_core.environment:checking '/home/firm2204/exam1_ws/install/lec' for CMake module files
[0.396s] Level 1:colcon.colcon_core.environment:checking '/home/firm2204/exam1_ws/install/lec' for CMake config files
[0.396s] Level 1:colcon.colcon_core.shell:create_environment_hook('lec', 'cmake_prefix_path')
[0.396s] INFO:colcon.colcon_core.shell:Creating environment hook '/home/firm2204/exam1_ws/install/lec/share/lec/hook/cmake_prefix_path.ps1'
[0.396s] INFO:colcon.colcon_core.shell:Creating environment descriptor '/home/firm2204/exam1_ws/install/lec/share/lec/hook/cmake_prefix_path.dsv'
[0.396s] INFO:colcon.colcon_core.shell:Creating environment hook '/home/firm2204/exam1_ws/install/lec/share/lec/hook/cmake_prefix_path.sh'
[0.396s] Level 1:colcon.colcon_core.environment:checking '/home/firm2204/exam1_ws/install/lec/lib'
[0.396s] Level 1:colcon.colcon_core.environment:checking '/home/firm2204/exam1_ws/install/lec/bin'
[0.396s] Level 1:colcon.colcon_core.environment:checking '/home/firm2204/exam1_ws/install/lec/lib/pkgconfig/lec.pc'
[0.397s] Level 1:colcon.colcon_core.environment:checking '/home/firm2204/exam1_ws/install/lec/lib/python3.10/site-packages'
[0.397s] Level 1:colcon.colcon_core.environment:checking '/home/firm2204/exam1_ws/install/lec/bin'
[0.397s] INFO:colcon.colcon_core.shell:Creating package script '/home/firm2204/exam1_ws/install/lec/share/lec/package.ps1'
[0.397s] INFO:colcon.colcon_core.shell:Creating package descriptor '/home/firm2204/exam1_ws/install/lec/share/lec/package.dsv'
[0.397s] INFO:colcon.colcon_core.shell:Creating package script '/home/firm2204/exam1_ws/install/lec/share/lec/package.sh'
[0.397s] INFO:colcon.colcon_core.shell:Creating package script '/home/firm2204/exam1_ws/install/lec/share/lec/package.bash'
[0.397s] INFO:colcon.colcon_core.shell:Creating package script '/home/firm2204/exam1_ws/install/lec/share/lec/package.zsh'
[0.398s] Level 1:colcon.colcon_core.environment:create_file_with_runtime_dependencies(/home/firm2204/exam1_ws/install/lec/share/colcon-core/packages/lec)
[0.745s] DEBUG:colcon.colcon_core.event_handler.log_command:Invoked command in '/home/firm2204/exam1_ws/build/turtlesim_plus' returned '0': CMAKE_PREFIX_PATH=${CMAKE_PREFIX_PATH}:/opt/ros/humble /usr/bin/cmake /home/firm2204/exam1_ws/src/turtlesim_plus/turtlesim_plus -DCMAKE_INSTALL_PREFIX=/home/firm2204/exam1_ws/install/turtlesim_plus
[0.745s] DEBUG:colcon.colcon_core.event_handler.log_command:Invoking command in '/home/firm2204/exam1_ws/build/turtlesim_plus': CMAKE_PREFIX_PATH=${CMAKE_PREFIX_PATH}:/opt/ros/humble /usr/bin/cmake --build /home/firm2204/exam1_ws/build/turtlesim_plus -- -j6 -l6
[0.880s] DEBUG:colcon.colcon_core.event_handler.log_command:Invoked command in '/home/firm2204/exam1_ws/build/turtlesim_plus' returned '0': CMAKE_PREFIX_PATH=${CMAKE_PREFIX_PATH}:/opt/ros/humble /usr/bin/cmake --build /home/firm2204/exam1_ws/build/turtlesim_plus -- -j6 -l6
[0.890s] DEBUG:colcon.colcon_core.event_handler.log_command:Invoking command in '/home/firm2204/exam1_ws/build/turtlesim_plus': CMAKE_PREFIX_PATH=${CMAKE_PREFIX_PATH}:/opt/ros/humble /usr/bin/cmake --install /home/firm2204/exam1_ws/build/turtlesim_plus
[0.916s] Level 1:colcon.colcon_core.environment:create_environment_scripts_only(turtlesim_plus)
[0.916s] Level 1:colcon.colcon_core.environment:checking '/home/firm2204/exam1_ws/install/turtlesim_plus' for CMake module files
[0.917s] DEBUG:colcon.colcon_core.event_handler.log_command:Invoked command in '/home/firm2204/exam1_ws/build/turtlesim_plus' returned '0': CMAKE_PREFIX_PATH=${CMAKE_PREFIX_PATH}:/opt/ros/humble /usr/bin/cmake --install /home/firm2204/exam1_ws/build/turtlesim_plus
[0.917s] Level 1:colcon.colcon_core.environment:checking '/home/firm2204/exam1_ws/install/turtlesim_plus' for CMake config files
[0.917s] Level 1:colcon.colcon_core.shell:create_environment_hook('turtlesim_plus', 'cmake_prefix_path')
[0.917s] INFO:colcon.colcon_core.shell:Creating environment hook '/home/firm2204/exam1_ws/install/turtlesim_plus/share/turtlesim_plus/hook/cmake_prefix_path.ps1'
[0.917s] INFO:colcon.colcon_core.shell:Creating environment descriptor '/home/firm2204/exam1_ws/install/turtlesim_plus/share/turtlesim_plus/hook/cmake_prefix_path.dsv'
[0.917s] INFO:colcon.colcon_core.shell:Creating environment hook '/home/firm2204/exam1_ws/install/turtlesim_plus/share/turtlesim_plus/hook/cmake_prefix_path.sh'
[0.918s] Level 1:colcon.colcon_core.environment:checking '/home/firm2204/exam1_ws/install/turtlesim_plus/lib'
[0.918s] Level 1:colcon.colcon_core.environment:checking '/home/firm2204/exam1_ws/install/turtlesim_plus/bin'
[0.918s] Level 1:colcon.colcon_core.environment:checking '/home/firm2204/exam1_ws/install/turtlesim_plus/lib/pkgconfig/turtlesim_plus.pc'
[0.918s] Level 1:colcon.colcon_core.environment:checking '/home/firm2204/exam1_ws/install/turtlesim_plus/lib/python3.10/site-packages'
[0.918s] Level 1:colcon.colcon_core.environment:checking '/home/firm2204/exam1_ws/install/turtlesim_plus/bin'
[0.918s] INFO:colcon.colcon_core.shell:Creating package script '/home/firm2204/exam1_ws/install/turtlesim_plus/share/turtlesim_plus/package.ps1'
[0.918s] INFO:colcon.colcon_core.shell:Creating package descriptor '/home/firm2204/exam1_ws/install/turtlesim_plus/share/turtlesim_plus/package.dsv'
[0.918s] INFO:colcon.colcon_core.shell:Creating package script '/home/firm2204/exam1_ws/install/turtlesim_plus/share/turtlesim_plus/package.sh'
[0.918s] INFO:colcon.colcon_core.shell:Creating package script '/home/firm2204/exam1_ws/install/turtlesim_plus/share/turtlesim_plus/package.bash'
[0.918s] INFO:colcon.colcon_core.shell:Creating package script '/home/firm2204/exam1_ws/install/turtlesim_plus/share/turtlesim_plus/package.zsh'
[0.919s] Level 1:colcon.colcon_core.environment:create_file_with_runtime_dependencies(/home/firm2204/exam1_ws/install/turtlesim_plus/share/colcon-core/packages/turtlesim_plus)
[0.929s] Level 1:colcon.colcon_core.environment:create_environment_scripts_only(turtlesim_plus)
[0.929s] Level 1:colcon.colcon_core.environment:checking '/home/firm2204/exam1_ws/install/turtlesim_plus' for CMake module files
[0.929s] Level 1:colcon.colcon_core.environment:checking '/home/firm2204/exam1_ws/install/turtlesim_plus' for CMake config files
[0.929s] Level 1:colcon.colcon_core.shell:create_environment_hook('turtlesim_plus', 'cmake_prefix_path')
[0.930s] INFO:colcon.colcon_core.shell:Creating environment hook '/home/firm2204/exam1_ws/install/turtlesim_plus/share/turtlesim_plus/hook/cmake_prefix_path.ps1'
[0.930s] INFO:colcon.colcon_core.shell:Creating environment descriptor '/home/firm2204/exam1_ws/install/turtlesim_plus/share/turtlesim_plus/hook/cmake_prefix_path.dsv'
[0.930s] INFO:colcon.colcon_core.shell:Creating environment hook '/home/firm2204/exam1_ws/install/turtlesim_plus/share/turtlesim_plus/hook/cmake_prefix_path.sh'
[0.930s] Level 1:colcon.colcon_core.environment:checking '/home/firm2204/exam1_ws/install/turtlesim_plus/lib'
[0.930s] Level 1:colcon.colcon_core.environment:checking '/home/firm2204/exam1_ws/install/turtlesim_plus/bin'
[0.930s] Level 1:colcon.colcon_core.environment:checking '/home/firm2204/exam1_ws/install/turtlesim_plus/lib/pkgconfig/turtlesim_plus.pc'
[0.930s] Level 1:colcon.colcon_core.environment:checking '/home/firm2204/exam1_ws/install/turtlesim_plus/lib/python3.10/site-packages'
[0.930s] Level 1:colcon.colcon_core.environment:checking '/home/firm2204/exam1_ws/install/turtlesim_plus/bin'
[0.931s] INFO:colcon.colcon_core.shell:Creating package script '/home/firm2204/exam1_ws/install/turtlesim_plus/share/turtlesim_plus/package.ps1'
[0.931s] INFO:colcon.colcon_core.shell:Creating package descriptor '/home/firm2204/exam1_ws/install/turtlesim_plus/share/turtlesim_plus/package.dsv'
[0.931s] INFO:colcon.colcon_core.shell:Creating package script '/home/firm2204/exam1_ws/install/turtlesim_plus/share/turtlesim_plus/package.sh'
[0.931s] INFO:colcon.colcon_core.shell:Creating package script '/home/firm2204/exam1_ws/install/turtlesim_plus/share/turtlesim_plus/package.bash'
[0.931s] INFO:colcon.colcon_core.shell:Creating package script '/home/firm2204/exam1_ws/install/turtlesim_plus/share/turtlesim_plus/package.zsh'
[0.931s] Level 1:colcon.colcon_core.environment:create_file_with_runtime_dependencies(/home/firm2204/exam1_ws/install/turtlesim_plus/share/colcon-core/packages/turtlesim_plus)
[0.961s] DEBUG:colcon.colcon_core.event_handler.log_command:Invoked command in '/home/firm2204/exam1_ws/build/turtlesim_plus_interfaces' returned '0': CMAKE_PREFIX_PATH=${CMAKE_PREFIX_PATH}:/opt/ros/humble /usr/bin/cmake /home/firm2204/exam1_ws/src/turtlesim_plus/turtlesim_plus_interfaces -DCMAKE_INSTALL_PREFIX=/home/firm2204/exam1_ws/install/turtlesim_plus_interfaces
[0.962s] DEBUG:colcon.colcon_core.event_handler.log_command:Invoking command in '/home/firm2204/exam1_ws/build/turtlesim_plus_interfaces': CMAKE_PREFIX_PATH=${CMAKE_PREFIX_PATH}:/opt/ros/humble /usr/bin/cmake --build /home/firm2204/exam1_ws/build/turtlesim_plus_interfaces -- -j6 -l6
[3.357s] DEBUG:colcon.colcon_core.event_handler.log_command:Invoked command in '/home/firm2204/exam1_ws/build/turtlesim_plus_interfaces' returned '0': CMAKE_PREFIX_PATH=${CMAKE_PREFIX_PATH}:/opt/ros/humble /usr/bin/cmake --build /home/firm2204/exam1_ws/build/turtlesim_plus_interfaces -- -j6 -l6
[3.396s] DEBUG:colcon.colcon_core.event_handler.log_command:Invoking command in '/home/firm2204/exam1_ws/build/turtlesim_plus_interfaces': CMAKE_PREFIX_PATH=${CMAKE_PREFIX_PATH}:/opt/ros/humble /usr/bin/cmake --install /home/firm2204/exam1_ws/build/turtlesim_plus_interfaces
[3.432s] Level 1:colcon.colcon_core.environment:create_environment_scripts_only(turtlesim_plus_interfaces)
[3.432s] Level 1:colcon.colcon_core.environment:checking '/home/firm2204/exam1_ws/install/turtlesim_plus_interfaces' for CMake module files
[3.432s] DEBUG:colcon.colcon_core.event_handler.log_command:Invoked command in '/home/firm2204/exam1_ws/build/turtlesim_plus_interfaces' returned '0': CMAKE_PREFIX_PATH=${CMAKE_PREFIX_PATH}:/opt/ros/humble /usr/bin/cmake --install /home/firm2204/exam1_ws/build/turtlesim_plus_interfaces
[3.432s] Level 1:colcon.colcon_core.environment:checking '/home/firm2204/exam1_ws/install/turtlesim_plus_interfaces' for CMake config files
[3.433s] Level 1:colcon.colcon_core.shell:create_environment_hook('turtlesim_plus_interfaces', 'cmake_prefix_path')
[3.433s] INFO:colcon.colcon_core.shell:Creating environment hook '/home/firm2204/exam1_ws/install/turtlesim_plus_interfaces/share/turtlesim_plus_interfaces/hook/cmake_prefix_path.ps1'
[3.433s] INFO:colcon.colcon_core.shell:Creating environment descriptor '/home/firm2204/exam1_ws/install/turtlesim_plus_interfaces/share/turtlesim_plus_interfaces/hook/cmake_prefix_path.dsv'
[3.433s] INFO:colcon.colcon_core.shell:Creating environment hook '/home/firm2204/exam1_ws/install/turtlesim_plus_interfaces/share/turtlesim_plus_interfaces/hook/cmake_prefix_path.sh'
[3.433s] Level 1:colcon.colcon_core.environment:checking '/home/firm2204/exam1_ws/install/turtlesim_plus_interfaces/lib'
[3.433s] Level 1:colcon.colcon_core.shell:create_environment_hook('turtlesim_plus_interfaces', 'ld_library_path_lib')
[3.433s] INFO:colcon.colcon_core.shell:Creating environment hook '/home/firm2204/exam1_ws/install/turtlesim_plus_interfaces/share/turtlesim_plus_interfaces/hook/ld_library_path_lib.ps1'
[3.434s] INFO:colcon.colcon_core.shell:Creating environment descriptor '/home/firm2204/exam1_ws/install/turtlesim_plus_interfaces/share/turtlesim_plus_interfaces/hook/ld_library_path_lib.dsv'
[3.434s] INFO:colcon.colcon_core.shell:Creating environment hook '/home/firm2204/exam1_ws/install/turtlesim_plus_interfaces/share/turtlesim_plus_interfaces/hook/ld_library_path_lib.sh'
[3.434s] Level 1:colcon.colcon_core.environment:checking '/home/firm2204/exam1_ws/install/turtlesim_plus_interfaces/bin'
[3.434s] Level 1:colcon.colcon_core.environment:checking '/home/firm2204/exam1_ws/install/turtlesim_plus_interfaces/lib/pkgconfig/turtlesim_plus_interfaces.pc'
[3.434s] Level 1:colcon.colcon_core.environment:checking '/home/firm2204/exam1_ws/install/turtlesim_plus_interfaces/lib/python3.10/site-packages'
[3.434s] Level 1:colcon.colcon_core.environment:checking '/home/firm2204/exam1_ws/install/turtlesim_plus_interfaces/bin'
[3.434s] INFO:colcon.colcon_core.shell:Creating package script '/home/firm2204/exam1_ws/install/turtlesim_plus_interfaces/share/turtlesim_plus_interfaces/package.ps1'
[3.434s] INFO:colcon.colcon_core.shell:Creating package descriptor '/home/firm2204/exam1_ws/install/turtlesim_plus_interfaces/share/turtlesim_plus_interfaces/package.dsv'
[3.434s] INFO:colcon.colcon_core.shell:Creating package script '/home/firm2204/exam1_ws/install/turtlesim_plus_interfaces/share/turtlesim_plus_interfaces/package.sh'
[3.435s] INFO:colcon.colcon_core.shell:Creating package script '/home/firm2204/exam1_ws/install/turtlesim_plus_interfaces/share/turtlesim_plus_interfaces/package.bash'
[3.435s] INFO:colcon.colcon_core.shell:Creating package script '/home/firm2204/exam1_ws/install/turtlesim_plus_interfaces/share/turtlesim_plus_interfaces/package.zsh'
[3.435s] Level 1:colcon.colcon_core.environment:create_file_with_runtime_dependencies(/home/firm2204/exam1_ws/install/turtlesim_plus_interfaces/share/colcon-core/packages/turtlesim_plus_interfaces)
[3.475s] Level 1:colcon.colcon_core.environment:create_environment_scripts_only(turtlesim_plus_interfaces)
[3.475s] Level 1:colcon.colcon_core.environment:checking '/home/firm2204/exam1_ws/install/turtlesim_plus_interfaces' for CMake module files
[3.476s] Level 1:colcon.colcon_core.environment:checking '/home/firm2204/exam1_ws/install/turtlesim_plus_interfaces' for CMake config files
[3.476s] Level 1:colcon.colcon_core.shell:create_environment_hook('turtlesim_plus_interfaces', 'cmake_prefix_path')
[3.476s] INFO:colcon.colcon_core.shell:Creating environment hook '/home/firm2204/exam1_ws/install/turtlesim_plus_interfaces/share/turtlesim_plus_interfaces/hook/cmake_prefix_path.ps1'
[3.476s] INFO:colcon.colcon_core.shell:Creating environment descriptor '/home/firm2204/exam1_ws/install/turtlesim_plus_interfaces/share/turtlesim_plus_interfaces/hook/cmake_prefix_path.dsv'
[3.476s] INFO:colcon.colcon_core.shell:Creating environment hook '/home/firm2204/exam1_ws/install/turtlesim_plus_interfaces/share/turtlesim_plus_interfaces/hook/cmake_prefix_path.sh'
[3.476s] Level 1:colcon.colcon_core.environment:checking '/home/firm2204/exam1_ws/install/turtlesim_plus_interfaces/lib'
[3.476s] Level 1:colcon.colcon_core.shell:create_environment_hook('turtlesim_plus_interfaces', 'ld_library_path_lib')
[3.477s] INFO:colcon.colcon_core.shell:Creating environment hook '/home/firm2204/exam1_ws/install/turtlesim_plus_interfaces/share/turtlesim_plus_interfaces/hook/ld_library_path_lib.ps1'
[3.477s] INFO:colcon.colcon_core.shell:Creating environment descriptor '/home/firm2204/exam1_ws/install/turtlesim_plus_interfaces/share/turtlesim_plus_interfaces/hook/ld_library_path_lib.dsv'
[3.477s] INFO:colcon.colcon_core.shell:Creating environment hook '/home/firm2204/exam1_ws/install/turtlesim_plus_interfaces/share/turtlesim_plus_interfaces/hook/ld_library_path_lib.sh'
[3.477s] Level 1:colcon.colcon_core.environment:checking '/home/firm2204/exam1_ws/install/turtlesim_plus_interfaces/bin'
[3.477s] Level 1:colcon.colcon_core.environment:checking '/home/firm2204/exam1_ws/install/turtlesim_plus_interfaces/lib/pkgconfig/turtlesim_plus_interfaces.pc'
[3.477s] Level 1:colcon.colcon_core.environment:checking '/home/firm2204/exam1_ws/install/turtlesim_plus_interfaces/lib/python3.10/site-packages'
[3.477s] Level 1:colcon.colcon_core.environment:checking '/home/firm2204/exam1_ws/install/turtlesim_plus_interfaces/bin'
[3.477s] INFO:colcon.colcon_core.shell:Creating package script '/home/firm2204/exam1_ws/install/turtlesim_plus_interfaces/share/turtlesim_plus_interfaces/package.ps1'
[3.478s] INFO:colcon.colcon_core.shell:Creating package descriptor '/home/firm2204/exam1_ws/install/turtlesim_plus_interfaces/share/turtlesim_plus_interfaces/package.dsv'
[3.478s] INFO:colcon.colcon_core.shell:Creating package script '/home/firm2204/exam1_ws/install/turtlesim_plus_interfaces/share/turtlesim_plus_interfaces/package.sh'
[3.478s] INFO:colcon.colcon_core.shell:Creating package script '/home/firm2204/exam1_ws/install/turtlesim_plus_interfaces/share/turtlesim_plus_interfaces/package.bash'
[3.478s] INFO:colcon.colcon_core.shell:Creating package script '/home/firm2204/exam1_ws/install/turtlesim_plus_interfaces/share/turtlesim_plus_interfaces/package.zsh'
[3.478s] Level 1:colcon.colcon_core.environment:create_file_with_runtime_dependencies(/home/firm2204/exam1_ws/install/turtlesim_plus_interfaces/share/colcon-core/packages/turtlesim_plus_interfaces)
[3.478s] DEBUG:colcon.colcon_parallel_executor.executor.parallel:closing loop
[3.478s] DEBUG:colcon.colcon_parallel_executor.executor.parallel:loop closed
[3.478s] DEBUG:colcon.colcon_parallel_executor.executor.parallel:run_until_complete finished with '0'
[3.479s] DEBUG:colcon.colcon_core.event_reactor:joining thread
[3.481s] INFO:colcon.colcon_core.plugin_system:Skipping extension 'colcon_notification.desktop_notification.terminal_notifier': Not used on non-Darwin systems
[3.481s] INFO:colcon.colcon_core.plugin_system:Skipping extension 'colcon_notification.desktop_notification.win32': Not used on non-Windows systems
[3.481s] INFO:colcon.colcon_notification.desktop_notification:Sending desktop notification using 'notify2'
[3.488s] DEBUG:colcon.colcon_core.event_reactor:joined thread
[3.488s] INFO:colcon.colcon_core.shell:Creating prefix script '/home/firm2204/exam1_ws/install/local_setup.ps1'
[3.489s] INFO:colcon.colcon_core.shell:Creating prefix util module '/home/firm2204/exam1_ws/install/_local_setup_util_ps1.py'
[3.489s] INFO:colcon.colcon_core.shell:Creating prefix chain script '/home/firm2204/exam1_ws/install/setup.ps1'
[3.490s] INFO:colcon.colcon_core.shell:Creating prefix script '/home/firm2204/exam1_ws/install/local_setup.sh'
[3.490s] INFO:colcon.colcon_core.shell:Creating prefix util module '/home/firm2204/exam1_ws/install/_local_setup_util_sh.py'
[3.490s] INFO:colcon.colcon_core.shell:Creating prefix chain script '/home/firm2204/exam1_ws/install/setup.sh'
[3.491s] INFO:colcon.colcon_core.shell:Creating prefix script '/home/firm2204/exam1_ws/install/local_setup.bash'
[3.491s] INFO:colcon.colcon_core.shell:Creating prefix chain script '/home/firm2204/exam1_ws/install/setup.bash'
[3.491s] INFO:colcon.colcon_core.shell:Creating prefix script '/home/firm2204/exam1_ws/install/local_setup.zsh'
[3.491s] INFO:colcon.colcon_core.shell:Creating prefix chain script '/home/firm2204/exam1_ws/install/setup.zsh'
