[0.012s] Invoking command in '/home/firm2204/exam1_ws/build/turtlesim_plus_interfaces': CMAKE_PREFIX_PATH=${CMAKE_PREFIX_PATH}:/opt/ros/humble /usr/bin/cmake /home/firm2204/exam1_ws/src/turtlesim_plus/turtlesim_plus_interfaces -DCMAKE_INSTALL_PREFIX=/home/firm2204/exam1_ws/install/turtlesim_plus_interfaces
[0.046s] -- The C compiler identification is GNU 11.4.0
[0.085s] -- The CXX compiler identification is GNU 11.4.0
[0.093s] -- Detecting C compiler ABI info
[0.131s] -- Detecting C compiler ABI info - done
[0.138s] -- Check for working C compiler: /usr/bin/cc - skipped
[0.138s] -- Detecting C compile features
[0.138s] -- Detecting C compile features - done
[0.144s] -- Detecting CXX compiler ABI info
[0.193s] -- Detecting CXX compiler ABI info - done
[0.194s] -- Check for working CXX compiler: /usr/bin/c++ - skipped
[0.194s] -- Detecting CXX compile features
[0.194s] -- Detecting CXX compile features - done
[0.195s] -- Found ament_cmake: 1.3.10 (/opt/ros/humble/share/ament_cmake/cmake)
[0.267s] -- Found Python3: /usr/bin/python3 (found version "3.10.12") found components: Interpreter 
[0.304s] -- Found ament_lint_auto: 0.12.11 (/opt/ros/humble/share/ament_lint_auto/cmake)
[0.343s] -- Found rosidl_default_generators: 1.2.0 (/opt/ros/humble/share/rosidl_default_generators/cmake)
[0.345s] -- Using all available rosidl_typesupport_c: rosidl_typesupport_fastrtps_c;rosidl_typesupport_introspection_c
[0.347s] -- Found rosidl_adapter: 3.1.5 (/opt/ros/humble/share/rosidl_adapter/cmake)
[0.364s] -- Using all available rosidl_typesupport_cpp: rosidl_typesupport_fastrtps_cpp;rosidl_typesupport_introspection_cpp
[0.502s] -- Found ament_cmake_ros: 0.10.0 (/opt/ros/humble/share/ament_cmake_ros/cmake)
[0.598s] -- Using all available rosidl_typesupport_c: rosidl_typesupport_fastrtps_c;rosidl_typesupport_introspection_c
[0.718s] -- Using all available rosidl_typesupport_cpp: rosidl_typesupport_fastrtps_cpp;rosidl_typesupport_introspection_cpp
[0.730s] -- Found PythonInterp: /usr/bin/python3 (found suitable version "3.10.12", minimum required is "3.6") 
[0.731s] -- Found python_cmake_module: 0.10.0 (/opt/ros/humble/share/python_cmake_module/cmake)
[0.746s] -- Found PythonLibs: /usr/lib/aarch64-linux-gnu/libpython3.10.so (found suitable version "3.10.12", minimum required is "3.5") 
[0.746s] -- Using PYTHON_EXECUTABLE: /usr/bin/python3
[0.746s] -- Using PYTHON_INCLUDE_DIRS: /usr/include/python3.10
[0.746s] -- Using PYTHON_LIBRARIES: /usr/lib/aarch64-linux-gnu/libpython3.10.so
[0.755s] -- Found PythonExtra: .so  
[0.777s] -- Added test 'lint_cmake' to check CMake code style
[0.778s] -- Added test 'xmllint' to check XML markup files
[0.782s] -- Configuring done
[0.798s] -- Generating done
[0.799s] -- Build files have been written to: /home/firm2204/exam1_ws/build/turtlesim_plus_interfaces
[0.804s] Invoked command in '/home/firm2204/exam1_ws/build/turtlesim_plus_interfaces' returned '0': CMAKE_PREFIX_PATH=${CMAKE_PREFIX_PATH}:/opt/ros/humble /usr/bin/cmake /home/firm2204/exam1_ws/src/turtlesim_plus/turtlesim_plus_interfaces -DCMAKE_INSTALL_PREFIX=/home/firm2204/exam1_ws/install/turtlesim_plus_interfaces
[0.805s] Invoking command in '/home/firm2204/exam1_ws/build/turtlesim_plus_interfaces': CMAKE_PREFIX_PATH=${CMAKE_PREFIX_PATH}:/opt/ros/humble /usr/bin/cmake --build /home/firm2204/exam1_ws/build/turtlesim_plus_interfaces -- -j6 -l6
[0.825s] [  1%] [34m[1mGenerating C code for ROS interfaces[0m
[0.830s] [  3%] [34m[1mGenerating C++ code for ROS interfaces[0m
[0.838s] [  3%] Built target ament_cmake_python_copy_turtlesim_plus_interfaces
[0.937s] running egg_info
[0.938s] creating turtlesim_plus_interfaces.egg-info
[0.938s] writing turtlesim_plus_interfaces.egg-info/PKG-INFO
[0.938s] writing dependency_links to turtlesim_plus_interfaces.egg-info/dependency_links.txt
[0.938s] writing top-level names to turtlesim_plus_interfaces.egg-info/top_level.txt
[0.938s] writing manifest file 'turtlesim_plus_interfaces.egg-info/SOURCES.txt'
[0.940s] reading manifest file 'turtlesim_plus_interfaces.egg-info/SOURCES.txt'
[0.940s] writing manifest file 'turtlesim_plus_interfaces.egg-info/SOURCES.txt'
[0.959s] [  3%] Built target ament_cmake_python_build_turtlesim_plus_interfaces_egg
[1.122s] [  3%] Built target turtlesim_plus_interfaces__cpp
[1.128s] [  5%] [34m[1mGenerating C++ type support dispatch for ROS interfaces[0m
[1.128s] [  7%] [34m[1mGenerating C++ introspection for ROS interfaces[0m
[1.128s] [  9%] [34m[1mGenerating C++ type support for eProsima Fast-RTPS[0m
[1.134s] [ 10%] [32mBuilding C object CMakeFiles/turtlesim_plus_interfaces__rosidl_generator_c.dir/rosidl_generator_c/turtlesim_plus_interfaces/msg/detail/scanner_data__functions.c.o[0m
[1.137s] [ 12%] [32mBuilding C object CMakeFiles/turtlesim_plus_interfaces__rosidl_generator_c.dir/rosidl_generator_c/turtlesim_plus_interfaces/srv/detail/give_position__functions.c.o[0m
[1.138s] [ 14%] [32mBuilding C object CMakeFiles/turtlesim_plus_interfaces__rosidl_generator_c.dir/rosidl_generator_c/turtlesim_plus_interfaces/msg/detail/scanner_data_array__functions.c.o[0m
[1.191s] [ 16%] [32mBuilding C object CMakeFiles/turtlesim_plus_interfaces__rosidl_generator_c.dir/rosidl_generator_c/turtlesim_plus_interfaces/action/detail/get_data__functions.c.o[0m
[1.257s] [ 18%] [32m[1mLinking C shared library libturtlesim_plus_interfaces__rosidl_generator_c.so[0m
[1.280s] [ 18%] Built target turtlesim_plus_interfaces__rosidl_generator_c
[1.289s] [ 20%] [34m[1mGenerating C type support dispatch for ROS interfaces[0m
[1.292s] [ 21%] [34m[1mGenerating C type support for eProsima Fast-RTPS[0m
[1.294s] [ 23%] [34m[1mGenerating C introspection for ROS interfaces[0m
[1.330s] [ 25%] [32mBuilding CXX object CMakeFiles/turtlesim_plus_interfaces__rosidl_typesupport_cpp.dir/rosidl_typesupport_cpp/turtlesim_plus_interfaces/msg/scanner_data__type_support.cpp.o[0m
[1.415s] [ 27%] [32mBuilding CXX object CMakeFiles/turtlesim_plus_interfaces__rosidl_typesupport_introspection_cpp.dir/rosidl_typesupport_introspection_cpp/turtlesim_plus_interfaces/msg/detail/scanner_data__type_support.cpp.o[0m
[1.453s] [ 29%] [32mBuilding CXX object CMakeFiles/turtlesim_plus_interfaces__rosidl_typesupport_fastrtps_cpp.dir/rosidl_typesupport_fastrtps_cpp/turtlesim_plus_interfaces/msg/detail/dds_fastrtps/scanner_data__type_support.cpp.o[0m
[1.580s] [ 30%] [32mBuilding CXX object CMakeFiles/turtlesim_plus_interfaces__rosidl_typesupport_cpp.dir/rosidl_typesupport_cpp/turtlesim_plus_interfaces/msg/scanner_data_array__type_support.cpp.o[0m
[1.604s] [ 32%] [32mBuilding CXX object CMakeFiles/turtlesim_plus_interfaces__rosidl_typesupport_c.dir/rosidl_typesupport_c/turtlesim_plus_interfaces/msg/scanner_data__type_support.cpp.o[0m
[1.682s] [ 34%] [32mBuilding CXX object CMakeFiles/turtlesim_plus_interfaces__rosidl_typesupport_c.dir/rosidl_typesupport_c/turtlesim_plus_interfaces/msg/scanner_data_array__type_support.cpp.o[0m
[1.730s] [ 36%] [32mBuilding CXX object CMakeFiles/turtlesim_plus_interfaces__rosidl_typesupport_c.dir/rosidl_typesupport_c/turtlesim_plus_interfaces/srv/give_position__type_support.cpp.o[0m
[1.756s] [ 38%] [32mBuilding CXX object CMakeFiles/turtlesim_plus_interfaces__rosidl_typesupport_introspection_cpp.dir/rosidl_typesupport_introspection_cpp/turtlesim_plus_interfaces/msg/detail/scanner_data_array__type_support.cpp.o[0m
[1.775s] [ 40%] [32mBuilding CXX object CMakeFiles/turtlesim_plus_interfaces__rosidl_typesupport_c.dir/rosidl_typesupport_c/turtlesim_plus_interfaces/action/get_data__type_support.cpp.o[0m
[1.777s] [ 41%] [32mBuilding C object CMakeFiles/turtlesim_plus_interfaces__rosidl_typesupport_introspection_c.dir/rosidl_typesupport_introspection_c/turtlesim_plus_interfaces/msg/detail/scanner_data__type_support.c.o[0m
[1.787s] [ 43%] [32mBuilding CXX object CMakeFiles/turtlesim_plus_interfaces__rosidl_typesupport_cpp.dir/rosidl_typesupport_cpp/turtlesim_plus_interfaces/srv/give_position__type_support.cpp.o[0m
[1.800s] [ 45%] [32mBuilding CXX object CMakeFiles/turtlesim_plus_interfaces__rosidl_typesupport_fastrtps_c.dir/rosidl_typesupport_fastrtps_c/turtlesim_plus_interfaces/msg/detail/scanner_data__type_support_c.cpp.o[0m
[1.814s] [ 47%] [32mBuilding CXX object CMakeFiles/turtlesim_plus_interfaces__rosidl_typesupport_fastrtps_cpp.dir/rosidl_typesupport_fastrtps_cpp/turtlesim_plus_interfaces/msg/detail/dds_fastrtps/scanner_data_array__type_support.cpp.o[0m
[1.819s] [ 49%] [32mBuilding C object CMakeFiles/turtlesim_plus_interfaces__rosidl_typesupport_introspection_c.dir/rosidl_typesupport_introspection_c/turtlesim_plus_interfaces/msg/detail/scanner_data_array__type_support.c.o[0m
[1.831s] [ 50%] [32m[1mLinking CXX shared library libturtlesim_plus_interfaces__rosidl_typesupport_c.so[0m
[1.858s] [ 52%] [32mBuilding C object CMakeFiles/turtlesim_plus_interfaces__rosidl_typesupport_introspection_c.dir/rosidl_typesupport_introspection_c/turtlesim_plus_interfaces/srv/detail/give_position__type_support.c.o[0m
[1.866s] [ 52%] Built target turtlesim_plus_interfaces__rosidl_typesupport_c
[1.875s] [ 54%] [32mBuilding CXX object CMakeFiles/turtlesim_plus_interfaces__rosidl_typesupport_cpp.dir/rosidl_typesupport_cpp/turtlesim_plus_interfaces/action/get_data__type_support.cpp.o[0m
[1.892s] [ 56%] [32mBuilding C object CMakeFiles/turtlesim_plus_interfaces__rosidl_typesupport_introspection_c.dir/rosidl_typesupport_introspection_c/turtlesim_plus_interfaces/action/detail/get_data__type_support.c.o[0m
[1.935s] [ 58%] [32mBuilding CXX object CMakeFiles/turtlesim_plus_interfaces__rosidl_typesupport_fastrtps_c.dir/rosidl_typesupport_fastrtps_c/turtlesim_plus_interfaces/msg/detail/scanner_data_array__type_support_c.cpp.o[0m
[1.943s] [ 60%] [32m[1mLinking C shared library libturtlesim_plus_interfaces__rosidl_typesupport_introspection_c.so[0m
[1.984s] [ 60%] Built target turtlesim_plus_interfaces__rosidl_typesupport_introspection_c
[1.995s] [ 61%] [32mBuilding CXX object CMakeFiles/turtlesim_plus_interfaces__rosidl_typesupport_introspection_cpp.dir/rosidl_typesupport_introspection_cpp/turtlesim_plus_interfaces/srv/detail/give_position__type_support.cpp.o[0m
[2.005s] [ 63%] [32mBuilding CXX object CMakeFiles/turtlesim_plus_interfaces__rosidl_typesupport_fastrtps_cpp.dir/rosidl_typesupport_fastrtps_cpp/turtlesim_plus_interfaces/srv/detail/dds_fastrtps/give_position__type_support.cpp.o[0m
[2.068s] [ 65%] [32mBuilding CXX object CMakeFiles/turtlesim_plus_interfaces__rosidl_typesupport_fastrtps_cpp.dir/rosidl_typesupport_fastrtps_cpp/turtlesim_plus_interfaces/action/detail/dds_fastrtps/get_data__type_support.cpp.o[0m
[2.072s] [ 67%] [32mBuilding CXX object CMakeFiles/turtlesim_plus_interfaces__rosidl_typesupport_introspection_cpp.dir/rosidl_typesupport_introspection_cpp/turtlesim_plus_interfaces/action/detail/get_data__type_support.cpp.o[0m
[2.196s] [ 69%] [32mBuilding CXX object CMakeFiles/turtlesim_plus_interfaces__rosidl_typesupport_fastrtps_c.dir/rosidl_typesupport_fastrtps_c/turtlesim_plus_interfaces/srv/detail/give_position__type_support_c.cpp.o[0m
[2.213s] [ 70%] [32m[1mLinking CXX shared library libturtlesim_plus_interfaces__rosidl_typesupport_cpp.so[0m
[2.265s] [ 70%] Built target turtlesim_plus_interfaces__rosidl_typesupport_cpp
[2.285s] [ 72%] [32mBuilding CXX object CMakeFiles/turtlesim_plus_interfaces__rosidl_typesupport_fastrtps_c.dir/rosidl_typesupport_fastrtps_c/turtlesim_plus_interfaces/action/detail/get_data__type_support_c.cpp.o[0m
[2.437s] [ 74%] [32m[1mLinking CXX shared library libturtlesim_plus_interfaces__rosidl_typesupport_introspection_cpp.so[0m
[2.478s] [ 76%] [32m[1mLinking CXX shared library libturtlesim_plus_interfaces__rosidl_typesupport_fastrtps_cpp.so[0m
[2.479s] [ 76%] Built target turtlesim_plus_interfaces__rosidl_typesupport_introspection_cpp
[2.509s] [ 76%] Built target turtlesim_plus_interfaces__rosidl_typesupport_fastrtps_cpp
[2.511s] [ 78%] [32m[1mLinking CXX shared library libturtlesim_plus_interfaces__rosidl_typesupport_fastrtps_c.so[0m
[2.540s] [ 78%] Built target turtlesim_plus_interfaces__rosidl_typesupport_fastrtps_c
[2.546s] [ 78%] Built target turtlesim_plus_interfaces
[2.554s] [ 80%] [34m[1mGenerating Python code for ROS interfaces[0m
[2.999s] [ 80%] Built target turtlesim_plus_interfaces__py
[3.008s] [ 83%] [32mBuilding C object CMakeFiles/turtlesim_plus_interfaces__rosidl_generator_py.dir/rosidl_generator_py/turtlesim_plus_interfaces/msg/_scanner_data_s.c.o[0m
[3.008s] [ 83%] [32mBuilding C object CMakeFiles/turtlesim_plus_interfaces__rosidl_generator_py.dir/rosidl_generator_py/turtlesim_plus_interfaces/msg/_scanner_data_array_s.c.o[0m
[3.008s] [ 87%] [32mBuilding C object CMakeFiles/turtlesim_plus_interfaces__rosidl_generator_py.dir/rosidl_generator_py/turtlesim_plus_interfaces/action/_get_data_s.c.o[0m
[3.008s] [ 85%] [32mBuilding C object CMakeFiles/turtlesim_plus_interfaces__rosidl_generator_py.dir/rosidl_generator_py/turtlesim_plus_interfaces/srv/_give_position_s.c.o[0m
[3.092s] [ 89%] [32m[1mLinking C shared library rosidl_generator_py/turtlesim_plus_interfaces/libturtlesim_plus_interfaces__rosidl_generator_py.so[0m
[3.109s] [ 89%] Built target turtlesim_plus_interfaces__rosidl_generator_py
[3.118s] [ 94%] [32mBuilding C object CMakeFiles/turtlesim_plus_interfaces__rosidl_typesupport_c__pyext.dir/rosidl_generator_py/turtlesim_plus_interfaces/_turtlesim_plus_interfaces_s.ep.rosidl_typesupport_c.c.o[0m
[3.118s] [ 94%] [32mBuilding C object CMakeFiles/turtlesim_plus_interfaces__rosidl_typesupport_fastrtps_c__pyext.dir/rosidl_generator_py/turtlesim_plus_interfaces/_turtlesim_plus_interfaces_s.ep.rosidl_typesupport_fastrtps_c.c.o[0m
[3.118s] [ 94%] [32mBuilding C object CMakeFiles/turtlesim_plus_interfaces__rosidl_typesupport_introspection_c__pyext.dir/rosidl_generator_py/turtlesim_plus_interfaces/_turtlesim_plus_interfaces_s.ep.rosidl_typesupport_introspection_c.c.o[0m
[3.176s] [100%] [32m[1mLinking C shared library rosidl_generator_py/turtlesim_plus_interfaces/turtlesim_plus_interfaces_s__rosidl_typesupport_c.cpython-310-aarch64-linux-gnu.so[0m
[3.176s] [100%] [32m[1mLinking C shared library rosidl_generator_py/turtlesim_plus_interfaces/turtlesim_plus_interfaces_s__rosidl_typesupport_introspection_c.cpython-310-aarch64-linux-gnu.so[0m
[3.176s] [100%] [32m[1mLinking C shared library rosidl_generator_py/turtlesim_plus_interfaces/turtlesim_plus_interfaces_s__rosidl_typesupport_fastrtps_c.cpython-310-aarch64-linux-gnu.so[0m
[3.193s] [100%] Built target turtlesim_plus_interfaces__rosidl_typesupport_c__pyext
[3.193s] [100%] Built target turtlesim_plus_interfaces__rosidl_typesupport_fastrtps_c__pyext
[3.195s] [100%] Built target turtlesim_plus_interfaces__rosidl_typesupport_introspection_c__pyext
[3.199s] Invoked command in '/home/firm2204/exam1_ws/build/turtlesim_plus_interfaces' returned '0': CMAKE_PREFIX_PATH=${CMAKE_PREFIX_PATH}:/opt/ros/humble /usr/bin/cmake --build /home/firm2204/exam1_ws/build/turtlesim_plus_interfaces -- -j6 -l6
[3.239s] Invoking command in '/home/firm2204/exam1_ws/build/turtlesim_plus_interfaces': CMAKE_PREFIX_PATH=${CMAKE_PREFIX_PATH}:/opt/ros/humble /usr/bin/cmake --install /home/firm2204/exam1_ws/build/turtlesim_plus_interfaces
[3.242s] -- Install configuration: ""
[3.242s] -- Installing: /home/firm2204/exam1_ws/install/turtlesim_plus_interfaces/share/ament_index/resource_index/rosidl_interfaces/turtlesim_plus_interfaces
[3.242s] -- Installing: /home/firm2204/exam1_ws/install/turtlesim_plus_interfaces/include/turtlesim_plus_interfaces/turtlesim_plus_interfaces
[3.243s] -- Installing: /home/firm2204/exam1_ws/install/turtlesim_plus_interfaces/include/turtlesim_plus_interfaces/turtlesim_plus_interfaces/msg
[3.243s] -- Installing: /home/firm2204/exam1_ws/install/turtlesim_plus_interfaces/include/turtlesim_plus_interfaces/turtlesim_plus_interfaces/msg/detail
[3.243s] -- Installing: /home/firm2204/exam1_ws/install/turtlesim_plus_interfaces/include/turtlesim_plus_interfaces/turtlesim_plus_interfaces/msg/detail/scanner_data__functions.h
[3.243s] -- Installing: /home/firm2204/exam1_ws/install/turtlesim_plus_interfaces/include/turtlesim_plus_interfaces/turtlesim_plus_interfaces/msg/detail/scanner_data__struct.h
[3.243s] -- Installing: /home/firm2204/exam1_ws/install/turtlesim_plus_interfaces/include/turtlesim_plus_interfaces/turtlesim_plus_interfaces/msg/detail/scanner_data_array__struct.h
[3.243s] -- Installing: /home/firm2204/exam1_ws/install/turtlesim_plus_interfaces/include/turtlesim_plus_interfaces/turtlesim_plus_interfaces/msg/detail/scanner_data_array__functions.c
[3.243s] -- Installing: /home/firm2204/exam1_ws/install/turtlesim_plus_interfaces/include/turtlesim_plus_interfaces/turtlesim_plus_interfaces/msg/detail/scanner_data_array__functions.h
[3.243s] -- Installing: /home/firm2204/exam1_ws/install/turtlesim_plus_interfaces/include/turtlesim_plus_interfaces/turtlesim_plus_interfaces/msg/detail/scanner_data_array__type_support.h
[3.243s] -- Installing: /home/firm2204/exam1_ws/install/turtlesim_plus_interfaces/include/turtlesim_plus_interfaces/turtlesim_plus_interfaces/msg/detail/scanner_data__type_support.h
[3.243s] -- Installing: /home/firm2204/exam1_ws/install/turtlesim_plus_interfaces/include/turtlesim_plus_interfaces/turtlesim_plus_interfaces/msg/detail/scanner_data__functions.c
[3.243s] -- Installing: /home/firm2204/exam1_ws/install/turtlesim_plus_interfaces/include/turtlesim_plus_interfaces/turtlesim_plus_interfaces/msg/rosidl_generator_c__visibility_control.h
[3.243s] -- Installing: /home/firm2204/exam1_ws/install/turtlesim_plus_interfaces/include/turtlesim_plus_interfaces/turtlesim_plus_interfaces/msg/scanner_data_array.h
[3.243s] -- Installing: /home/firm2204/exam1_ws/install/turtlesim_plus_interfaces/include/turtlesim_plus_interfaces/turtlesim_plus_interfaces/msg/scanner_data.h
[3.243s] -- Installing: /home/firm2204/exam1_ws/install/turtlesim_plus_interfaces/include/turtlesim_plus_interfaces/turtlesim_plus_interfaces/action
[3.243s] -- Installing: /home/firm2204/exam1_ws/install/turtlesim_plus_interfaces/include/turtlesim_plus_interfaces/turtlesim_plus_interfaces/action/detail
[3.243s] -- Installing: /home/firm2204/exam1_ws/install/turtlesim_plus_interfaces/include/turtlesim_plus_interfaces/turtlesim_plus_interfaces/action/detail/get_data__struct.h
[3.243s] -- Installing: /home/firm2204/exam1_ws/install/turtlesim_plus_interfaces/include/turtlesim_plus_interfaces/turtlesim_plus_interfaces/action/detail/get_data__type_support.h
[3.243s] -- Installing: /home/firm2204/exam1_ws/install/turtlesim_plus_interfaces/include/turtlesim_plus_interfaces/turtlesim_plus_interfaces/action/detail/get_data__functions.h
[3.243s] -- Installing: /home/firm2204/exam1_ws/install/turtlesim_plus_interfaces/include/turtlesim_plus_interfaces/turtlesim_plus_interfaces/action/detail/get_data__functions.c
[3.244s] -- Installing: /home/firm2204/exam1_ws/install/turtlesim_plus_interfaces/include/turtlesim_plus_interfaces/turtlesim_plus_interfaces/action/get_data.h
[3.244s] -- Installing: /home/firm2204/exam1_ws/install/turtlesim_plus_interfaces/include/turtlesim_plus_interfaces/turtlesim_plus_interfaces/srv
[3.244s] -- Installing: /home/firm2204/exam1_ws/install/turtlesim_plus_interfaces/include/turtlesim_plus_interfaces/turtlesim_plus_interfaces/srv/detail
[3.244s] -- Installing: /home/firm2204/exam1_ws/install/turtlesim_plus_interfaces/include/turtlesim_plus_interfaces/turtlesim_plus_interfaces/srv/detail/give_position__functions.c
[3.244s] -- Installing: /home/firm2204/exam1_ws/install/turtlesim_plus_interfaces/include/turtlesim_plus_interfaces/turtlesim_plus_interfaces/srv/detail/give_position__struct.h
[3.244s] -- Installing: /home/firm2204/exam1_ws/install/turtlesim_plus_interfaces/include/turtlesim_plus_interfaces/turtlesim_plus_interfaces/srv/detail/give_position__functions.h
[3.244s] -- Installing: /home/firm2204/exam1_ws/install/turtlesim_plus_interfaces/include/turtlesim_plus_interfaces/turtlesim_plus_interfaces/srv/detail/give_position__type_support.h
[3.244s] -- Installing: /home/firm2204/exam1_ws/install/turtlesim_plus_interfaces/include/turtlesim_plus_interfaces/turtlesim_plus_interfaces/srv/give_position.h
[3.244s] -- Installing: /home/firm2204/exam1_ws/install/turtlesim_plus_interfaces/share/turtlesim_plus_interfaces/environment/library_path.sh
[3.244s] -- Installing: /home/firm2204/exam1_ws/install/turtlesim_plus_interfaces/share/turtlesim_plus_interfaces/environment/library_path.dsv
[3.244s] -- Installing: /home/firm2204/exam1_ws/install/turtlesim_plus_interfaces/lib/libturtlesim_plus_interfaces__rosidl_generator_c.so
[3.244s] -- Set runtime path of "/home/firm2204/exam1_ws/install/turtlesim_plus_interfaces/lib/libturtlesim_plus_interfaces__rosidl_generator_c.so" to ""
[3.244s] -- Up-to-date: /home/firm2204/exam1_ws/install/turtlesim_plus_interfaces/include/turtlesim_plus_interfaces/turtlesim_plus_interfaces
[3.244s] -- Up-to-date: /home/firm2204/exam1_ws/install/turtlesim_plus_interfaces/include/turtlesim_plus_interfaces/turtlesim_plus_interfaces/msg
[3.244s] -- Up-to-date: /home/firm2204/exam1_ws/install/turtlesim_plus_interfaces/include/turtlesim_plus_interfaces/turtlesim_plus_interfaces/msg/detail
[3.244s] -- Installing: /home/firm2204/exam1_ws/install/turtlesim_plus_interfaces/include/turtlesim_plus_interfaces/turtlesim_plus_interfaces/msg/detail/scanner_data__rosidl_typesupport_fastrtps_c.h
[3.244s] -- Installing: /home/firm2204/exam1_ws/install/turtlesim_plus_interfaces/include/turtlesim_plus_interfaces/turtlesim_plus_interfaces/msg/detail/scanner_data_array__rosidl_typesupport_fastrtps_c.h
[3.244s] -- Installing: /home/firm2204/exam1_ws/install/turtlesim_plus_interfaces/include/turtlesim_plus_interfaces/turtlesim_plus_interfaces/msg/rosidl_typesupport_fastrtps_c__visibility_control.h
[3.244s] -- Up-to-date: /home/firm2204/exam1_ws/install/turtlesim_plus_interfaces/include/turtlesim_plus_interfaces/turtlesim_plus_interfaces/action
[3.245s] -- Up-to-date: /home/firm2204/exam1_ws/install/turtlesim_plus_interfaces/include/turtlesim_plus_interfaces/turtlesim_plus_interfaces/action/detail
[3.245s] -- Installing: /home/firm2204/exam1_ws/install/turtlesim_plus_interfaces/include/turtlesim_plus_interfaces/turtlesim_plus_interfaces/action/detail/get_data__rosidl_typesupport_fastrtps_c.h
[3.245s] -- Up-to-date: /home/firm2204/exam1_ws/install/turtlesim_plus_interfaces/include/turtlesim_plus_interfaces/turtlesim_plus_interfaces/srv
[3.245s] -- Up-to-date: /home/firm2204/exam1_ws/install/turtlesim_plus_interfaces/include/turtlesim_plus_interfaces/turtlesim_plus_interfaces/srv/detail
[3.245s] -- Installing: /home/firm2204/exam1_ws/install/turtlesim_plus_interfaces/include/turtlesim_plus_interfaces/turtlesim_plus_interfaces/srv/detail/give_position__rosidl_typesupport_fastrtps_c.h
[3.245s] -- Installing: /home/firm2204/exam1_ws/install/turtlesim_plus_interfaces/lib/libturtlesim_plus_interfaces__rosidl_typesupport_fastrtps_c.so
[3.245s] -- Set runtime path of "/home/firm2204/exam1_ws/install/turtlesim_plus_interfaces/lib/libturtlesim_plus_interfaces__rosidl_typesupport_fastrtps_c.so" to ""
[3.245s] -- Up-to-date: /home/firm2204/exam1_ws/install/turtlesim_plus_interfaces/include/turtlesim_plus_interfaces/turtlesim_plus_interfaces
[3.245s] -- Up-to-date: /home/firm2204/exam1_ws/install/turtlesim_plus_interfaces/include/turtlesim_plus_interfaces/turtlesim_plus_interfaces/msg
[3.245s] -- Up-to-date: /home/firm2204/exam1_ws/install/turtlesim_plus_interfaces/include/turtlesim_plus_interfaces/turtlesim_plus_interfaces/msg/detail
[3.245s] -- Installing: /home/firm2204/exam1_ws/install/turtlesim_plus_interfaces/include/turtlesim_plus_interfaces/turtlesim_plus_interfaces/msg/detail/scanner_data_array__rosidl_typesupport_introspection_c.h
[3.245s] -- Installing: /home/firm2204/exam1_ws/install/turtlesim_plus_interfaces/include/turtlesim_plus_interfaces/turtlesim_plus_interfaces/msg/detail/scanner_data__type_support.c
[3.245s] -- Installing: /home/firm2204/exam1_ws/install/turtlesim_plus_interfaces/include/turtlesim_plus_interfaces/turtlesim_plus_interfaces/msg/detail/scanner_data__rosidl_typesupport_introspection_c.h
[3.245s] -- Installing: /home/firm2204/exam1_ws/install/turtlesim_plus_interfaces/include/turtlesim_plus_interfaces/turtlesim_plus_interfaces/msg/detail/scanner_data_array__type_support.c
[3.245s] -- Installing: /home/firm2204/exam1_ws/install/turtlesim_plus_interfaces/include/turtlesim_plus_interfaces/turtlesim_plus_interfaces/msg/rosidl_typesupport_introspection_c__visibility_control.h
[3.245s] -- Up-to-date: /home/firm2204/exam1_ws/install/turtlesim_plus_interfaces/include/turtlesim_plus_interfaces/turtlesim_plus_interfaces/action
[3.245s] -- Up-to-date: /home/firm2204/exam1_ws/install/turtlesim_plus_interfaces/include/turtlesim_plus_interfaces/turtlesim_plus_interfaces/action/detail
[3.245s] -- Installing: /home/firm2204/exam1_ws/install/turtlesim_plus_interfaces/include/turtlesim_plus_interfaces/turtlesim_plus_interfaces/action/detail/get_data__rosidl_typesupport_introspection_c.h
[3.245s] -- Installing: /home/firm2204/exam1_ws/install/turtlesim_plus_interfaces/include/turtlesim_plus_interfaces/turtlesim_plus_interfaces/action/detail/get_data__type_support.c
[3.245s] -- Up-to-date: /home/firm2204/exam1_ws/install/turtlesim_plus_interfaces/include/turtlesim_plus_interfaces/turtlesim_plus_interfaces/srv
[3.245s] -- Up-to-date: /home/firm2204/exam1_ws/install/turtlesim_plus_interfaces/include/turtlesim_plus_interfaces/turtlesim_plus_interfaces/srv/detail
[3.245s] -- Installing: /home/firm2204/exam1_ws/install/turtlesim_plus_interfaces/include/turtlesim_plus_interfaces/turtlesim_plus_interfaces/srv/detail/give_position__rosidl_typesupport_introspection_c.h
[3.245s] -- Installing: /home/firm2204/exam1_ws/install/turtlesim_plus_interfaces/include/turtlesim_plus_interfaces/turtlesim_plus_interfaces/srv/detail/give_position__type_support.c
[3.245s] -- Installing: /home/firm2204/exam1_ws/install/turtlesim_plus_interfaces/lib/libturtlesim_plus_interfaces__rosidl_typesupport_introspection_c.so
[3.246s] -- Set runtime path of "/home/firm2204/exam1_ws/install/turtlesim_plus_interfaces/lib/libturtlesim_plus_interfaces__rosidl_typesupport_introspection_c.so" to ""
[3.246s] -- Installing: /home/firm2204/exam1_ws/install/turtlesim_plus_interfaces/lib/libturtlesim_plus_interfaces__rosidl_typesupport_c.so
[3.246s] -- Set runtime path of "/home/firm2204/exam1_ws/install/turtlesim_plus_interfaces/lib/libturtlesim_plus_interfaces__rosidl_typesupport_c.so" to ""
[3.246s] -- Up-to-date: /home/firm2204/exam1_ws/install/turtlesim_plus_interfaces/include/turtlesim_plus_interfaces/turtlesim_plus_interfaces
[3.246s] -- Up-to-date: /home/firm2204/exam1_ws/install/turtlesim_plus_interfaces/include/turtlesim_plus_interfaces/turtlesim_plus_interfaces/msg
[3.246s] -- Installing: /home/firm2204/exam1_ws/install/turtlesim_plus_interfaces/include/turtlesim_plus_interfaces/turtlesim_plus_interfaces/msg/scanner_data.hpp
[3.246s] -- Installing: /home/firm2204/exam1_ws/install/turtlesim_plus_interfaces/include/turtlesim_plus_interfaces/turtlesim_plus_interfaces/msg/scanner_data_array.hpp
[3.246s] -- Up-to-date: /home/firm2204/exam1_ws/install/turtlesim_plus_interfaces/include/turtlesim_plus_interfaces/turtlesim_plus_interfaces/msg/detail
[3.246s] -- Installing: /home/firm2204/exam1_ws/install/turtlesim_plus_interfaces/include/turtlesim_plus_interfaces/turtlesim_plus_interfaces/msg/detail/scanner_data_array__struct.hpp
[3.246s] -- Installing: /home/firm2204/exam1_ws/install/turtlesim_plus_interfaces/include/turtlesim_plus_interfaces/turtlesim_plus_interfaces/msg/detail/scanner_data_array__builder.hpp
[3.247s] -- Installing: /home/firm2204/exam1_ws/install/turtlesim_plus_interfaces/include/turtlesim_plus_interfaces/turtlesim_plus_interfaces/msg/detail/scanner_data__builder.hpp
[3.247s] -- Installing: /home/firm2204/exam1_ws/install/turtlesim_plus_interfaces/include/turtlesim_plus_interfaces/turtlesim_plus_interfaces/msg/detail/scanner_data__struct.hpp
[3.247s] -- Installing: /home/firm2204/exam1_ws/install/turtlesim_plus_interfaces/include/turtlesim_plus_interfaces/turtlesim_plus_interfaces/msg/detail/scanner_data_array__traits.hpp
[3.247s] -- Installing: /home/firm2204/exam1_ws/install/turtlesim_plus_interfaces/include/turtlesim_plus_interfaces/turtlesim_plus_interfaces/msg/detail/scanner_data__traits.hpp
[3.247s] -- Up-to-date: /home/firm2204/exam1_ws/install/turtlesim_plus_interfaces/include/turtlesim_plus_interfaces/turtlesim_plus_interfaces/action
[3.247s] -- Installing: /home/firm2204/exam1_ws/install/turtlesim_plus_interfaces/include/turtlesim_plus_interfaces/turtlesim_plus_interfaces/action/get_data.hpp
[3.247s] -- Up-to-date: /home/firm2204/exam1_ws/install/turtlesim_plus_interfaces/include/turtlesim_plus_interfaces/turtlesim_plus_interfaces/action/detail
[3.247s] -- Installing: /home/firm2204/exam1_ws/install/turtlesim_plus_interfaces/include/turtlesim_plus_interfaces/turtlesim_plus_interfaces/action/detail/get_data__struct.hpp
[3.247s] -- Installing: /home/firm2204/exam1_ws/install/turtlesim_plus_interfaces/include/turtlesim_plus_interfaces/turtlesim_plus_interfaces/action/detail/get_data__traits.hpp
[3.247s] -- Installing: /home/firm2204/exam1_ws/install/turtlesim_plus_interfaces/include/turtlesim_plus_interfaces/turtlesim_plus_interfaces/action/detail/get_data__builder.hpp
[3.247s] -- Up-to-date: /home/firm2204/exam1_ws/install/turtlesim_plus_interfaces/include/turtlesim_plus_interfaces/turtlesim_plus_interfaces/srv
[3.247s] -- Up-to-date: /home/firm2204/exam1_ws/install/turtlesim_plus_interfaces/include/turtlesim_plus_interfaces/turtlesim_plus_interfaces/srv/detail
[3.247s] -- Installing: /home/firm2204/exam1_ws/install/turtlesim_plus_interfaces/include/turtlesim_plus_interfaces/turtlesim_plus_interfaces/srv/detail/give_position__builder.hpp
[3.247s] -- Installing: /home/firm2204/exam1_ws/install/turtlesim_plus_interfaces/include/turtlesim_plus_interfaces/turtlesim_plus_interfaces/srv/detail/give_position__struct.hpp
[3.247s] -- Installing: /home/firm2204/exam1_ws/install/turtlesim_plus_interfaces/include/turtlesim_plus_interfaces/turtlesim_plus_interfaces/srv/detail/give_position__traits.hpp
[3.247s] -- Installing: /home/firm2204/exam1_ws/install/turtlesim_plus_interfaces/include/turtlesim_plus_interfaces/turtlesim_plus_interfaces/srv/give_position.hpp
[3.247s] -- Up-to-date: /home/firm2204/exam1_ws/install/turtlesim_plus_interfaces/include/turtlesim_plus_interfaces/turtlesim_plus_interfaces
[3.247s] -- Up-to-date: /home/firm2204/exam1_ws/install/turtlesim_plus_interfaces/include/turtlesim_plus_interfaces/turtlesim_plus_interfaces/msg
[3.247s] -- Up-to-date: /home/firm2204/exam1_ws/install/turtlesim_plus_interfaces/include/turtlesim_plus_interfaces/turtlesim_plus_interfaces/msg/detail
[3.247s] -- Installing: /home/firm2204/exam1_ws/install/turtlesim_plus_interfaces/include/turtlesim_plus_interfaces/turtlesim_plus_interfaces/msg/detail/scanner_data_array__rosidl_typesupport_fastrtps_cpp.hpp
[3.247s] -- Installing: /home/firm2204/exam1_ws/install/turtlesim_plus_interfaces/include/turtlesim_plus_interfaces/turtlesim_plus_interfaces/msg/detail/scanner_data__rosidl_typesupport_fastrtps_cpp.hpp
[3.247s] -- Installing: /home/firm2204/exam1_ws/install/turtlesim_plus_interfaces/include/turtlesim_plus_interfaces/turtlesim_plus_interfaces/msg/detail/dds_fastrtps
[3.247s] -- Installing: /home/firm2204/exam1_ws/install/turtlesim_plus_interfaces/include/turtlesim_plus_interfaces/turtlesim_plus_interfaces/msg/rosidl_typesupport_fastrtps_cpp__visibility_control.h
[3.247s] -- Up-to-date: /home/firm2204/exam1_ws/install/turtlesim_plus_interfaces/include/turtlesim_plus_interfaces/turtlesim_plus_interfaces/action
[3.247s] -- Up-to-date: /home/firm2204/exam1_ws/install/turtlesim_plus_interfaces/include/turtlesim_plus_interfaces/turtlesim_plus_interfaces/action/detail
[3.247s] -- Installing: /home/firm2204/exam1_ws/install/turtlesim_plus_interfaces/include/turtlesim_plus_interfaces/turtlesim_plus_interfaces/action/detail/get_data__rosidl_typesupport_fastrtps_cpp.hpp
[3.247s] -- Installing: /home/firm2204/exam1_ws/install/turtlesim_plus_interfaces/include/turtlesim_plus_interfaces/turtlesim_plus_interfaces/action/detail/dds_fastrtps
[3.247s] -- Up-to-date: /home/firm2204/exam1_ws/install/turtlesim_plus_interfaces/include/turtlesim_plus_interfaces/turtlesim_plus_interfaces/srv
[3.247s] -- Up-to-date: /home/firm2204/exam1_ws/install/turtlesim_plus_interfaces/include/turtlesim_plus_interfaces/turtlesim_plus_interfaces/srv/detail
[3.247s] -- Installing: /home/firm2204/exam1_ws/install/turtlesim_plus_interfaces/include/turtlesim_plus_interfaces/turtlesim_plus_interfaces/srv/detail/give_position__rosidl_typesupport_fastrtps_cpp.hpp
[3.248s] -- Installing: /home/firm2204/exam1_ws/install/turtlesim_plus_interfaces/include/turtlesim_plus_interfaces/turtlesim_plus_interfaces/srv/detail/dds_fastrtps
[3.248s] -- Installing: /home/firm2204/exam1_ws/install/turtlesim_plus_interfaces/lib/libturtlesim_plus_interfaces__rosidl_typesupport_fastrtps_cpp.so
[3.248s] -- Set runtime path of "/home/firm2204/exam1_ws/install/turtlesim_plus_interfaces/lib/libturtlesim_plus_interfaces__rosidl_typesupport_fastrtps_cpp.so" to ""
[3.248s] -- Up-to-date: /home/firm2204/exam1_ws/install/turtlesim_plus_interfaces/include/turtlesim_plus_interfaces/turtlesim_plus_interfaces
[3.248s] -- Up-to-date: /home/firm2204/exam1_ws/install/turtlesim_plus_interfaces/include/turtlesim_plus_interfaces/turtlesim_plus_interfaces/msg
[3.248s] -- Up-to-date: /home/firm2204/exam1_ws/install/turtlesim_plus_interfaces/include/turtlesim_plus_interfaces/turtlesim_plus_interfaces/msg/detail
[3.248s] -- Installing: /home/firm2204/exam1_ws/install/turtlesim_plus_interfaces/include/turtlesim_plus_interfaces/turtlesim_plus_interfaces/msg/detail/scanner_data_array__rosidl_typesupport_introspection_cpp.hpp
[3.248s] -- Installing: /home/firm2204/exam1_ws/install/turtlesim_plus_interfaces/include/turtlesim_plus_interfaces/turtlesim_plus_interfaces/msg/detail/scanner_data_array__type_support.cpp
[3.248s] -- Installing: /home/firm2204/exam1_ws/install/turtlesim_plus_interfaces/include/turtlesim_plus_interfaces/turtlesim_plus_interfaces/msg/detail/scanner_data__rosidl_typesupport_introspection_cpp.hpp
[3.248s] -- Installing: /home/firm2204/exam1_ws/install/turtlesim_plus_interfaces/include/turtlesim_plus_interfaces/turtlesim_plus_interfaces/msg/detail/scanner_data__type_support.cpp
[3.248s] -- Up-to-date: /home/firm2204/exam1_ws/install/turtlesim_plus_interfaces/include/turtlesim_plus_interfaces/turtlesim_plus_interfaces/action
[3.248s] -- Up-to-date: /home/firm2204/exam1_ws/install/turtlesim_plus_interfaces/include/turtlesim_plus_interfaces/turtlesim_plus_interfaces/action/detail
[3.248s] -- Installing: /home/firm2204/exam1_ws/install/turtlesim_plus_interfaces/include/turtlesim_plus_interfaces/turtlesim_plus_interfaces/action/detail/get_data__rosidl_typesupport_introspection_cpp.hpp
[3.248s] -- Installing: /home/firm2204/exam1_ws/install/turtlesim_plus_interfaces/include/turtlesim_plus_interfaces/turtlesim_plus_interfaces/action/detail/get_data__type_support.cpp
[3.248s] -- Up-to-date: /home/firm2204/exam1_ws/install/turtlesim_plus_interfaces/include/turtlesim_plus_interfaces/turtlesim_plus_interfaces/srv
[3.248s] -- Up-to-date: /home/firm2204/exam1_ws/install/turtlesim_plus_interfaces/include/turtlesim_plus_interfaces/turtlesim_plus_interfaces/srv/detail
[3.248s] -- Installing: /home/firm2204/exam1_ws/install/turtlesim_plus_interfaces/include/turtlesim_plus_interfaces/turtlesim_plus_interfaces/srv/detail/give_position__type_support.cpp
[3.248s] -- Installing: /home/firm2204/exam1_ws/install/turtlesim_plus_interfaces/include/turtlesim_plus_interfaces/turtlesim_plus_interfaces/srv/detail/give_position__rosidl_typesupport_introspection_cpp.hpp
[3.248s] -- Installing: /home/firm2204/exam1_ws/install/turtlesim_plus_interfaces/lib/libturtlesim_plus_interfaces__rosidl_typesupport_introspection_cpp.so
[3.248s] -- Set runtime path of "/home/firm2204/exam1_ws/install/turtlesim_plus_interfaces/lib/libturtlesim_plus_interfaces__rosidl_typesupport_introspection_cpp.so" to ""
[3.248s] -- Installing: /home/firm2204/exam1_ws/install/turtlesim_plus_interfaces/lib/libturtlesim_plus_interfaces__rosidl_typesupport_cpp.so
[3.248s] -- Set runtime path of "/home/firm2204/exam1_ws/install/turtlesim_plus_interfaces/lib/libturtlesim_plus_interfaces__rosidl_typesupport_cpp.so" to ""
[3.248s] -- Installing: /home/firm2204/exam1_ws/install/turtlesim_plus_interfaces/share/turtlesim_plus_interfaces/environment/pythonpath.sh
[3.248s] -- Installing: /home/firm2204/exam1_ws/install/turtlesim_plus_interfaces/share/turtlesim_plus_interfaces/environment/pythonpath.dsv
[3.248s] -- Installing: /home/firm2204/exam1_ws/install/turtlesim_plus_interfaces/local/lib/python3.10/dist-packages/turtlesim_plus_interfaces-0.0.0-py3.10.egg-info
[3.249s] -- Installing: /home/firm2204/exam1_ws/install/turtlesim_plus_interfaces/local/lib/python3.10/dist-packages/turtlesim_plus_interfaces-0.0.0-py3.10.egg-info/PKG-INFO
[3.249s] -- Installing: /home/firm2204/exam1_ws/install/turtlesim_plus_interfaces/local/lib/python3.10/dist-packages/turtlesim_plus_interfaces-0.0.0-py3.10.egg-info/SOURCES.txt
[3.249s] -- Installing: /home/firm2204/exam1_ws/install/turtlesim_plus_interfaces/local/lib/python3.10/dist-packages/turtlesim_plus_interfaces-0.0.0-py3.10.egg-info/dependency_links.txt
[3.249s] -- Installing: /home/firm2204/exam1_ws/install/turtlesim_plus_interfaces/local/lib/python3.10/dist-packages/turtlesim_plus_interfaces-0.0.0-py3.10.egg-info/top_level.txt
[3.249s] -- Installing: /home/firm2204/exam1_ws/install/turtlesim_plus_interfaces/local/lib/python3.10/dist-packages/turtlesim_plus_interfaces
[3.249s] -- Installing: /home/firm2204/exam1_ws/install/turtlesim_plus_interfaces/local/lib/python3.10/dist-packages/turtlesim_plus_interfaces/turtlesim_plus_interfaces_s__rosidl_typesupport_fastrtps_c.cpython-310-aarch64-linux-gnu.so
[3.249s] -- Installing: /home/firm2204/exam1_ws/install/turtlesim_plus_interfaces/local/lib/python3.10/dist-packages/turtlesim_plus_interfaces/msg
[3.249s] -- Installing: /home/firm2204/exam1_ws/install/turtlesim_plus_interfaces/local/lib/python3.10/dist-packages/turtlesim_plus_interfaces/msg/_scanner_data.py
[3.249s] -- Installing: /home/firm2204/exam1_ws/install/turtlesim_plus_interfaces/local/lib/python3.10/dist-packages/turtlesim_plus_interfaces/msg/_scanner_data_array.py
[3.249s] -- Installing: /home/firm2204/exam1_ws/install/turtlesim_plus_interfaces/local/lib/python3.10/dist-packages/turtlesim_plus_interfaces/msg/_scanner_data_s.c
[3.249s] -- Installing: /home/firm2204/exam1_ws/install/turtlesim_plus_interfaces/local/lib/python3.10/dist-packages/turtlesim_plus_interfaces/msg/_scanner_data_array_s.c
[3.249s] -- Installing: /home/firm2204/exam1_ws/install/turtlesim_plus_interfaces/local/lib/python3.10/dist-packages/turtlesim_plus_interfaces/msg/__init__.py
[3.249s] -- Installing: /home/firm2204/exam1_ws/install/turtlesim_plus_interfaces/local/lib/python3.10/dist-packages/turtlesim_plus_interfaces/_turtlesim_plus_interfaces_s.ep.rosidl_typesupport_fastrtps_c.c
[3.249s] -- Installing: /home/firm2204/exam1_ws/install/turtlesim_plus_interfaces/local/lib/python3.10/dist-packages/turtlesim_plus_interfaces/action
[3.249s] -- Installing: /home/firm2204/exam1_ws/install/turtlesim_plus_interfaces/local/lib/python3.10/dist-packages/turtlesim_plus_interfaces/action/_get_data.py
[3.249s] -- Installing: /home/firm2204/exam1_ws/install/turtlesim_plus_interfaces/local/lib/python3.10/dist-packages/turtlesim_plus_interfaces/action/_get_data_s.c
[3.249s] -- Installing: /home/firm2204/exam1_ws/install/turtlesim_plus_interfaces/local/lib/python3.10/dist-packages/turtlesim_plus_interfaces/action/__init__.py
[3.249s] -- Installing: /home/firm2204/exam1_ws/install/turtlesim_plus_interfaces/local/lib/python3.10/dist-packages/turtlesim_plus_interfaces/srv
[3.249s] -- Installing: /home/firm2204/exam1_ws/install/turtlesim_plus_interfaces/local/lib/python3.10/dist-packages/turtlesim_plus_interfaces/srv/_give_position.py
[3.249s] -- Installing: /home/firm2204/exam1_ws/install/turtlesim_plus_interfaces/local/lib/python3.10/dist-packages/turtlesim_plus_interfaces/srv/_give_position_s.c
[3.249s] -- Installing: /home/firm2204/exam1_ws/install/turtlesim_plus_interfaces/local/lib/python3.10/dist-packages/turtlesim_plus_interfaces/srv/__init__.py
[3.249s] -- Installing: /home/firm2204/exam1_ws/install/turtlesim_plus_interfaces/local/lib/python3.10/dist-packages/turtlesim_plus_interfaces/_turtlesim_plus_interfaces_s.ep.rosidl_typesupport_introspection_c.c
[3.249s] -- Installing: /home/firm2204/exam1_ws/install/turtlesim_plus_interfaces/local/lib/python3.10/dist-packages/turtlesim_plus_interfaces/libturtlesim_plus_interfaces__rosidl_generator_py.so
[3.249s] -- Installing: /home/firm2204/exam1_ws/install/turtlesim_plus_interfaces/local/lib/python3.10/dist-packages/turtlesim_plus_interfaces/turtlesim_plus_interfaces_s__rosidl_typesupport_introspection_c.cpython-310-aarch64-linux-gnu.so
[3.249s] -- Installing: /home/firm2204/exam1_ws/install/turtlesim_plus_interfaces/local/lib/python3.10/dist-packages/turtlesim_plus_interfaces/_turtlesim_plus_interfaces_s.ep.rosidl_typesupport_c.c
[3.250s] -- Installing: /home/firm2204/exam1_ws/install/turtlesim_plus_interfaces/local/lib/python3.10/dist-packages/turtlesim_plus_interfaces/__init__.py
[3.250s] -- Installing: /home/firm2204/exam1_ws/install/turtlesim_plus_interfaces/local/lib/python3.10/dist-packages/turtlesim_plus_interfaces/turtlesim_plus_interfaces_s__rosidl_typesupport_c.cpython-310-aarch64-linux-gnu.so
[3.267s] Listing '/home/firm2204/exam1_ws/install/turtlesim_plus_interfaces/local/lib/python3.10/dist-packages/turtlesim_plus_interfaces'...
[3.267s] Compiling '/home/firm2204/exam1_ws/install/turtlesim_plus_interfaces/local/lib/python3.10/dist-packages/turtlesim_plus_interfaces/__init__.py'...
[3.267s] Listing '/home/firm2204/exam1_ws/install/turtlesim_plus_interfaces/local/lib/python3.10/dist-packages/turtlesim_plus_interfaces/action'...
[3.268s] Compiling '/home/firm2204/exam1_ws/install/turtlesim_plus_interfaces/local/lib/python3.10/dist-packages/turtlesim_plus_interfaces/action/__init__.py'...
[3.268s] Compiling '/home/firm2204/exam1_ws/install/turtlesim_plus_interfaces/local/lib/python3.10/dist-packages/turtlesim_plus_interfaces/action/_get_data.py'...
[3.268s] Listing '/home/firm2204/exam1_ws/install/turtlesim_plus_interfaces/local/lib/python3.10/dist-packages/turtlesim_plus_interfaces/msg'...
[3.268s] Compiling '/home/firm2204/exam1_ws/install/turtlesim_plus_interfaces/local/lib/python3.10/dist-packages/turtlesim_plus_interfaces/msg/__init__.py'...
[3.268s] Compiling '/home/firm2204/exam1_ws/install/turtlesim_plus_interfaces/local/lib/python3.10/dist-packages/turtlesim_plus_interfaces/msg/_scanner_data.py'...
[3.268s] Compiling '/home/firm2204/exam1_ws/install/turtlesim_plus_interfaces/local/lib/python3.10/dist-packages/turtlesim_plus_interfaces/msg/_scanner_data_array.py'...
[3.268s] Listing '/home/firm2204/exam1_ws/install/turtlesim_plus_interfaces/local/lib/python3.10/dist-packages/turtlesim_plus_interfaces/srv'...
[3.268s] Compiling '/home/firm2204/exam1_ws/install/turtlesim_plus_interfaces/local/lib/python3.10/dist-packages/turtlesim_plus_interfaces/srv/__init__.py'...
[3.268s] Compiling '/home/firm2204/exam1_ws/install/turtlesim_plus_interfaces/local/lib/python3.10/dist-packages/turtlesim_plus_interfaces/srv/_give_position.py'...
[3.270s] -- Installing: /home/firm2204/exam1_ws/install/turtlesim_plus_interfaces/local/lib/python3.10/dist-packages/turtlesim_plus_interfaces/turtlesim_plus_interfaces_s__rosidl_typesupport_fastrtps_c.cpython-310-aarch64-linux-gnu.so
[3.270s] -- Set runtime path of "/home/firm2204/exam1_ws/install/turtlesim_plus_interfaces/local/lib/python3.10/dist-packages/turtlesim_plus_interfaces/turtlesim_plus_interfaces_s__rosidl_typesupport_fastrtps_c.cpython-310-aarch64-linux-gnu.so" to ""
[3.270s] -- Installing: /home/firm2204/exam1_ws/install/turtlesim_plus_interfaces/local/lib/python3.10/dist-packages/turtlesim_plus_interfaces/turtlesim_plus_interfaces_s__rosidl_typesupport_introspection_c.cpython-310-aarch64-linux-gnu.so
[3.270s] -- Set runtime path of "/home/firm2204/exam1_ws/install/turtlesim_plus_interfaces/local/lib/python3.10/dist-packages/turtlesim_plus_interfaces/turtlesim_plus_interfaces_s__rosidl_typesupport_introspection_c.cpython-310-aarch64-linux-gnu.so" to ""
[3.270s] -- Installing: /home/firm2204/exam1_ws/install/turtlesim_plus_interfaces/local/lib/python3.10/dist-packages/turtlesim_plus_interfaces/turtlesim_plus_interfaces_s__rosidl_typesupport_c.cpython-310-aarch64-linux-gnu.so
[3.270s] -- Set runtime path of "/home/firm2204/exam1_ws/install/turtlesim_plus_interfaces/local/lib/python3.10/dist-packages/turtlesim_plus_interfaces/turtlesim_plus_interfaces_s__rosidl_typesupport_c.cpython-310-aarch64-linux-gnu.so" to ""
[3.270s] -- Installing: /home/firm2204/exam1_ws/install/turtlesim_plus_interfaces/lib/libturtlesim_plus_interfaces__rosidl_generator_py.so
[3.271s] -- Set runtime path of "/home/firm2204/exam1_ws/install/turtlesim_plus_interfaces/lib/libturtlesim_plus_interfaces__rosidl_generator_py.so" to ""
[3.271s] -- Installing: /home/firm2204/exam1_ws/install/turtlesim_plus_interfaces/share/turtlesim_plus_interfaces/msg/ScannerData.idl
[3.271s] -- Installing: /home/firm2204/exam1_ws/install/turtlesim_plus_interfaces/share/turtlesim_plus_interfaces/msg/ScannerDataArray.idl
[3.271s] -- Installing: /home/firm2204/exam1_ws/install/turtlesim_plus_interfaces/share/turtlesim_plus_interfaces/srv/GivePosition.idl
[3.271s] -- Installing: /home/firm2204/exam1_ws/install/turtlesim_plus_interfaces/share/turtlesim_plus_interfaces/action/GetData.idl
[3.271s] -- Installing: /home/firm2204/exam1_ws/install/turtlesim_plus_interfaces/share/turtlesim_plus_interfaces/msg/ScannerData.msg
[3.271s] -- Installing: /home/firm2204/exam1_ws/install/turtlesim_plus_interfaces/share/turtlesim_plus_interfaces/msg/ScannerDataArray.msg
[3.271s] -- Installing: /home/firm2204/exam1_ws/install/turtlesim_plus_interfaces/share/turtlesim_plus_interfaces/srv/GivePosition.srv
[3.271s] -- Installing: /home/firm2204/exam1_ws/install/turtlesim_plus_interfaces/share/turtlesim_plus_interfaces/srv/GivePosition_Request.msg
[3.271s] -- Installing: /home/firm2204/exam1_ws/install/turtlesim_plus_interfaces/share/turtlesim_plus_interfaces/srv/GivePosition_Response.msg
[3.271s] -- Installing: /home/firm2204/exam1_ws/install/turtlesim_plus_interfaces/share/turtlesim_plus_interfaces/action/GetData.action
[3.271s] -- Installing: /home/firm2204/exam1_ws/install/turtlesim_plus_interfaces/share/ament_index/resource_index/package_run_dependencies/turtlesim_plus_interfaces
[3.271s] -- Installing: /home/firm2204/exam1_ws/install/turtlesim_plus_interfaces/share/ament_index/resource_index/parent_prefix_path/turtlesim_plus_interfaces
[3.271s] -- Installing: /home/firm2204/exam1_ws/install/turtlesim_plus_interfaces/share/turtlesim_plus_interfaces/environment/ament_prefix_path.sh
[3.272s] -- Installing: /home/firm2204/exam1_ws/install/turtlesim_plus_interfaces/share/turtlesim_plus_interfaces/environment/ament_prefix_path.dsv
[3.272s] -- Installing: /home/firm2204/exam1_ws/install/turtlesim_plus_interfaces/share/turtlesim_plus_interfaces/environment/path.sh
[3.272s] -- Installing: /home/firm2204/exam1_ws/install/turtlesim_plus_interfaces/share/turtlesim_plus_interfaces/environment/path.dsv
[3.272s] -- Installing: /home/firm2204/exam1_ws/install/turtlesim_plus_interfaces/share/turtlesim_plus_interfaces/local_setup.bash
[3.272s] -- Installing: /home/firm2204/exam1_ws/install/turtlesim_plus_interfaces/share/turtlesim_plus_interfaces/local_setup.sh
[3.272s] -- Installing: /home/firm2204/exam1_ws/install/turtlesim_plus_interfaces/share/turtlesim_plus_interfaces/local_setup.zsh
[3.272s] -- Installing: /home/firm2204/exam1_ws/install/turtlesim_plus_interfaces/share/turtlesim_plus_interfaces/local_setup.dsv
[3.272s] -- Installing: /home/firm2204/exam1_ws/install/turtlesim_plus_interfaces/share/turtlesim_plus_interfaces/package.dsv
[3.272s] -- Installing: /home/firm2204/exam1_ws/install/turtlesim_plus_interfaces/share/ament_index/resource_index/packages/turtlesim_plus_interfaces
[3.272s] -- Installing: /home/firm2204/exam1_ws/install/turtlesim_plus_interfaces/share/turtlesim_plus_interfaces/cmake/export_turtlesim_plus_interfaces__rosidl_generator_cExport.cmake
[3.272s] -- Installing: /home/firm2204/exam1_ws/install/turtlesim_plus_interfaces/share/turtlesim_plus_interfaces/cmake/export_turtlesim_plus_interfaces__rosidl_generator_cExport-noconfig.cmake
[3.272s] -- Installing: /home/firm2204/exam1_ws/install/turtlesim_plus_interfaces/share/turtlesim_plus_interfaces/cmake/export_turtlesim_plus_interfaces__rosidl_typesupport_fastrtps_cExport.cmake
[3.272s] -- Installing: /home/firm2204/exam1_ws/install/turtlesim_plus_interfaces/share/turtlesim_plus_interfaces/cmake/export_turtlesim_plus_interfaces__rosidl_typesupport_fastrtps_cExport-noconfig.cmake
[3.272s] -- Installing: /home/firm2204/exam1_ws/install/turtlesim_plus_interfaces/share/turtlesim_plus_interfaces/cmake/turtlesim_plus_interfaces__rosidl_typesupport_introspection_cExport.cmake
[3.272s] -- Installing: /home/firm2204/exam1_ws/install/turtlesim_plus_interfaces/share/turtlesim_plus_interfaces/cmake/turtlesim_plus_interfaces__rosidl_typesupport_introspection_cExport-noconfig.cmake
[3.272s] -- Installing: /home/firm2204/exam1_ws/install/turtlesim_plus_interfaces/share/turtlesim_plus_interfaces/cmake/turtlesim_plus_interfaces__rosidl_typesupport_cExport.cmake
[3.273s] -- Installing: /home/firm2204/exam1_ws/install/turtlesim_plus_interfaces/share/turtlesim_plus_interfaces/cmake/turtlesim_plus_interfaces__rosidl_typesupport_cExport-noconfig.cmake
[3.273s] -- Installing: /home/firm2204/exam1_ws/install/turtlesim_plus_interfaces/share/turtlesim_plus_interfaces/cmake/export_turtlesim_plus_interfaces__rosidl_generator_cppExport.cmake
[3.273s] -- Installing: /home/firm2204/exam1_ws/install/turtlesim_plus_interfaces/share/turtlesim_plus_interfaces/cmake/export_turtlesim_plus_interfaces__rosidl_typesupport_fastrtps_cppExport.cmake
[3.273s] -- Installing: /home/firm2204/exam1_ws/install/turtlesim_plus_interfaces/share/turtlesim_plus_interfaces/cmake/export_turtlesim_plus_interfaces__rosidl_typesupport_fastrtps_cppExport-noconfig.cmake
[3.273s] -- Installing: /home/firm2204/exam1_ws/install/turtlesim_plus_interfaces/share/turtlesim_plus_interfaces/cmake/turtlesim_plus_interfaces__rosidl_typesupport_introspection_cppExport.cmake
[3.273s] -- Installing: /home/firm2204/exam1_ws/install/turtlesim_plus_interfaces/share/turtlesim_plus_interfaces/cmake/turtlesim_plus_interfaces__rosidl_typesupport_introspection_cppExport-noconfig.cmake
[3.273s] -- Installing: /home/firm2204/exam1_ws/install/turtlesim_plus_interfaces/share/turtlesim_plus_interfaces/cmake/turtlesim_plus_interfaces__rosidl_typesupport_cppExport.cmake
[3.273s] -- Installing: /home/firm2204/exam1_ws/install/turtlesim_plus_interfaces/share/turtlesim_plus_interfaces/cmake/turtlesim_plus_interfaces__rosidl_typesupport_cppExport-noconfig.cmake
[3.273s] -- Installing: /home/firm2204/exam1_ws/install/turtlesim_plus_interfaces/share/turtlesim_plus_interfaces/cmake/export_turtlesim_plus_interfaces__rosidl_generator_pyExport.cmake
[3.273s] -- Installing: /home/firm2204/exam1_ws/install/turtlesim_plus_interfaces/share/turtlesim_plus_interfaces/cmake/export_turtlesim_plus_interfaces__rosidl_generator_pyExport-noconfig.cmake
[3.273s] -- Installing: /home/firm2204/exam1_ws/install/turtlesim_plus_interfaces/share/turtlesim_plus_interfaces/cmake/rosidl_cmake-extras.cmake
[3.273s] -- Installing: /home/firm2204/exam1_ws/install/turtlesim_plus_interfaces/share/turtlesim_plus_interfaces/cmake/ament_cmake_export_dependencies-extras.cmake
[3.273s] -- Installing: /home/firm2204/exam1_ws/install/turtlesim_plus_interfaces/share/turtlesim_plus_interfaces/cmake/ament_cmake_export_include_directories-extras.cmake
[3.273s] -- Installing: /home/firm2204/exam1_ws/install/turtlesim_plus_interfaces/share/turtlesim_plus_interfaces/cmake/ament_cmake_export_libraries-extras.cmake
[3.273s] -- Installing: /home/firm2204/exam1_ws/install/turtlesim_plus_interfaces/share/turtlesim_plus_interfaces/cmake/ament_cmake_export_targets-extras.cmake
[3.273s] -- Installing: /home/firm2204/exam1_ws/install/turtlesim_plus_interfaces/share/turtlesim_plus_interfaces/cmake/rosidl_cmake_export_typesupport_targets-extras.cmake
[3.273s] -- Installing: /home/firm2204/exam1_ws/install/turtlesim_plus_interfaces/share/turtlesim_plus_interfaces/cmake/rosidl_cmake_export_typesupport_libraries-extras.cmake
[3.274s] -- Installing: /home/firm2204/exam1_ws/install/turtlesim_plus_interfaces/share/turtlesim_plus_interfaces/cmake/turtlesim_plus_interfacesConfig.cmake
[3.274s] -- Installing: /home/firm2204/exam1_ws/install/turtlesim_plus_interfaces/share/turtlesim_plus_interfaces/cmake/turtlesim_plus_interfacesConfig-version.cmake
[3.274s] -- Installing: /home/firm2204/exam1_ws/install/turtlesim_plus_interfaces/share/turtlesim_plus_interfaces/package.xml
[3.275s] Invoked command in '/home/firm2204/exam1_ws/build/turtlesim_plus_interfaces' returned '0': CMAKE_PREFIX_PATH=${CMAKE_PREFIX_PATH}:/opt/ros/humble /usr/bin/cmake --install /home/firm2204/exam1_ws/build/turtlesim_plus_interfaces
