[0.006s] Invoking command in '/home/firm2204/exam1_ws/build/turtle_fantastic': CMAKE_PREFIX_PATH=${CMAKE_PREFIX_PATH}:/opt/ros/humble /usr/bin/cmake /home/firm2204/exam1_ws/src/turtle_fantastic -DCMAKE_INSTALL_PREFIX=/home/firm2204/exam1_ws/install/turtle_fantastic
[0.083s] -- The C compiler identification is GNU 11.4.0
[0.141s] -- The CXX compiler identification is GNU 11.4.0
[0.146s] -- Detecting C compiler ABI info
[0.182s] -- Detecting C compiler ABI info - done
[0.185s] -- Check for working C compiler: /usr/bin/cc - skipped
[0.185s] -- Detecting C compile features
[0.186s] -- Detecting C compile features - done
[0.187s] -- Detecting CXX compiler ABI info
[0.225s] -- Detecting CXX compiler ABI info - done
[0.229s] -- Check for working CXX compiler: /usr/bin/c++ - skipped
[0.229s] -- Detecting CXX compile features
[0.229s] -- Detecting CXX compile features - done
[0.234s] -- Found ament_cmake: 1.3.10 (/opt/ros/humble/share/ament_cmake/cmake)
[0.302s] -- Found Python3: /usr/bin/python3 (found version "3.10.12") found components: Interpreter 
[0.366s] -- Found rclcpp: 16.0.10 (/opt/ros/humble/share/rclcpp/cmake)
[0.408s] -- Found rosidl_generator_c: 3.1.5 (/opt/ros/humble/share/rosidl_generator_c/cmake)
[0.412s] -- Found rosidl_adapter: 3.1.5 (/opt/ros/humble/share/rosidl_adapter/cmake)
[0.422s] -- Found rosidl_generator_cpp: 3.1.5 (/opt/ros/humble/share/rosidl_generator_cpp/cmake)
[0.431s] -- Using all available rosidl_typesupport_c: rosidl_typesupport_fastrtps_c;rosidl_typesupport_introspection_c
[0.444s] -- Using all available rosidl_typesupport_cpp: rosidl_typesupport_fastrtps_cpp;rosidl_typesupport_introspection_cpp
[0.483s] -- Found rmw_implementation_cmake: 6.1.2 (/opt/ros/humble/share/rmw_implementation_cmake/cmake)
[0.486s] -- Found rmw_fastrtps_cpp: 6.2.7 (/opt/ros/humble/share/rmw_fastrtps_cpp/cmake)
[0.535s] -- Found OpenSSL: /usr/lib/aarch64-linux-gnu/libcrypto.so (found version "3.0.2")  
[0.548s] -- Found FastRTPS: /opt/ros/humble/include  
[0.565s] -- Using RMW implementation 'rmw_fastrtps_cpp' as default
[0.573s] -- Looking for pthread.h
[0.610s] -- Looking for pthread.h - found
[0.610s] -- Performing Test CMAKE_HAVE_LIBC_PTHREAD
[0.642s] -- Performing Test CMAKE_HAVE_LIBC_PTHREAD - Success
[0.644s] -- Found Threads: TRUE  
[0.673s] -- Found rclpy: 3.3.14 (/opt/ros/humble/share/rclpy/cmake)
[0.736s] -- Configuring done
[0.740s] -- Generating done
[0.740s] -- Build files have been written to: /home/firm2204/exam1_ws/build/turtle_fantastic
[0.746s] Invoked command in '/home/firm2204/exam1_ws/build/turtle_fantastic' returned '0': CMAKE_PREFIX_PATH=${CMAKE_PREFIX_PATH}:/opt/ros/humble /usr/bin/cmake /home/firm2204/exam1_ws/src/turtle_fantastic -DCMAKE_INSTALL_PREFIX=/home/firm2204/exam1_ws/install/turtle_fantastic
[0.747s] Invoking command in '/home/firm2204/exam1_ws/build/turtle_fantastic': CMAKE_PREFIX_PATH=${CMAKE_PREFIX_PATH}:/opt/ros/humble /usr/bin/cmake --build /home/firm2204/exam1_ws/build/turtle_fantastic -- -j6 -l6
[0.769s] [ 50%] [32mBuilding CXX object CMakeFiles/cpp_node_test.dir/src/cpp_node.cpp.o[0m
[0.772s] [ 50%] Built target ament_cmake_python_copy_turtle_fantastic
[0.881s] running egg_info
[0.881s] creating turtle_fantastic.egg-info
[0.881s] writing turtle_fantastic.egg-info/PKG-INFO
[0.881s] writing dependency_links to turtle_fantastic.egg-info/dependency_links.txt
[0.881s] writing top-level names to turtle_fantastic.egg-info/top_level.txt
[0.886s] writing manifest file 'turtle_fantastic.egg-info/SOURCES.txt'
[0.886s] reading manifest file 'turtle_fantastic.egg-info/SOURCES.txt'
[0.886s] writing manifest file 'turtle_fantastic.egg-info/SOURCES.txt'
[0.901s] [ 50%] Built target ament_cmake_python_build_turtle_fantastic_egg
[0.973s] [100%] [32m[1mLinking CXX executable cpp_node_test[0m
[1.044s] [100%] Built target cpp_node_test
[1.049s] Invoked command in '/home/firm2204/exam1_ws/build/turtle_fantastic' returned '0': CMAKE_PREFIX_PATH=${CMAKE_PREFIX_PATH}:/opt/ros/humble /usr/bin/cmake --build /home/firm2204/exam1_ws/build/turtle_fantastic -- -j6 -l6
[1.066s] Invoking command in '/home/firm2204/exam1_ws/build/turtle_fantastic': CMAKE_PREFIX_PATH=${CMAKE_PREFIX_PATH}:/opt/ros/humble /usr/bin/cmake --install /home/firm2204/exam1_ws/build/turtle_fantastic
[1.069s] -- Install configuration: ""
[1.069s] -- Installing: /home/firm2204/exam1_ws/install/turtle_fantastic/share/turtle_fantastic/environment/pythonpath.sh
[1.069s] -- Installing: /home/firm2204/exam1_ws/install/turtle_fantastic/share/turtle_fantastic/environment/pythonpath.dsv
[1.069s] -- Installing: /home/firm2204/exam1_ws/install/turtle_fantastic/local/lib/python3.10/dist-packages/turtle_fantastic-0.0.0-py3.10.egg-info
[1.069s] -- Installing: /home/firm2204/exam1_ws/install/turtle_fantastic/local/lib/python3.10/dist-packages/turtle_fantastic-0.0.0-py3.10.egg-info/PKG-INFO
[1.070s] -- Installing: /home/firm2204/exam1_ws/install/turtle_fantastic/local/lib/python3.10/dist-packages/turtle_fantastic-0.0.0-py3.10.egg-info/SOURCES.txt
[1.070s] -- Installing: /home/firm2204/exam1_ws/install/turtle_fantastic/local/lib/python3.10/dist-packages/turtle_fantastic-0.0.0-py3.10.egg-info/dependency_links.txt
[1.070s] -- Installing: /home/firm2204/exam1_ws/install/turtle_fantastic/local/lib/python3.10/dist-packages/turtle_fantastic-0.0.0-py3.10.egg-info/top_level.txt
[1.070s] -- Installing: /home/firm2204/exam1_ws/install/turtle_fantastic/local/lib/python3.10/dist-packages/turtle_fantastic
[1.070s] -- Installing: /home/firm2204/exam1_ws/install/turtle_fantastic/local/lib/python3.10/dist-packages/turtle_fantastic/__init__.py
[1.070s] -- Installing: /home/firm2204/exam1_ws/install/turtle_fantastic/local/lib/python3.10/dist-packages/turtle_fantastic/dummy_module.py
[1.084s] Listing '/home/firm2204/exam1_ws/install/turtle_fantastic/local/lib/python3.10/dist-packages/turtle_fantastic'...
[1.084s] Compiling '/home/firm2204/exam1_ws/install/turtle_fantastic/local/lib/python3.10/dist-packages/turtle_fantastic/__init__.py'...
[1.084s] Compiling '/home/firm2204/exam1_ws/install/turtle_fantastic/local/lib/python3.10/dist-packages/turtle_fantastic/dummy_module.py'...
[1.086s] -- Installing: /home/firm2204/exam1_ws/install/turtle_fantastic/lib/turtle_fantastic/dummy_script.py
[1.086s] -- Installing: /home/firm2204/exam1_ws/install/turtle_fantastic/lib/turtle_fantastic/cpp_node_test
[1.086s] -- Set runtime path of "/home/firm2204/exam1_ws/install/turtle_fantastic/lib/turtle_fantastic/cpp_node_test" to ""
[1.087s] -- Up-to-date: /home/firm2204/exam1_ws/install/turtle_fantastic/share/turtle_fantastic
[1.087s] -- Installing: /home/firm2204/exam1_ws/install/turtle_fantastic/share/ament_index/resource_index/package_run_dependencies/turtle_fantastic
[1.087s] -- Installing: /home/firm2204/exam1_ws/install/turtle_fantastic/share/ament_index/resource_index/parent_prefix_path/turtle_fantastic
[1.087s] -- Installing: /home/firm2204/exam1_ws/install/turtle_fantastic/share/turtle_fantastic/environment/ament_prefix_path.sh
[1.087s] -- Installing: /home/firm2204/exam1_ws/install/turtle_fantastic/share/turtle_fantastic/environment/ament_prefix_path.dsv
[1.087s] -- Installing: /home/firm2204/exam1_ws/install/turtle_fantastic/share/turtle_fantastic/environment/path.sh
[1.087s] -- Installing: /home/firm2204/exam1_ws/install/turtle_fantastic/share/turtle_fantastic/environment/path.dsv
[1.087s] -- Installing: /home/firm2204/exam1_ws/install/turtle_fantastic/share/turtle_fantastic/local_setup.bash
[1.087s] -- Installing: /home/firm2204/exam1_ws/install/turtle_fantastic/share/turtle_fantastic/local_setup.sh
[1.087s] -- Installing: /home/firm2204/exam1_ws/install/turtle_fantastic/share/turtle_fantastic/local_setup.zsh
[1.087s] -- Installing: /home/firm2204/exam1_ws/install/turtle_fantastic/share/turtle_fantastic/local_setup.dsv
[1.087s] -- Installing: /home/firm2204/exam1_ws/install/turtle_fantastic/share/turtle_fantastic/package.dsv
[1.087s] -- Installing: /home/firm2204/exam1_ws/install/turtle_fantastic/share/ament_index/resource_index/packages/turtle_fantastic
[1.087s] -- Installing: /home/firm2204/exam1_ws/install/turtle_fantastic/share/turtle_fantastic/cmake/turtle_fantasticConfig.cmake
[1.087s] -- Installing: /home/firm2204/exam1_ws/install/turtle_fantastic/share/turtle_fantastic/cmake/turtle_fantasticConfig-version.cmake
[1.087s] -- Installing: /home/firm2204/exam1_ws/install/turtle_fantastic/share/turtle_fantastic/package.xml
[1.089s] Invoked command in '/home/firm2204/exam1_ws/build/turtle_fantastic' returned '0': CMAKE_PREFIX_PATH=${CMAKE_PREFIX_PATH}:/opt/ros/humble /usr/bin/cmake --install /home/firm2204/exam1_ws/build/turtle_fantastic
