[35m[1mConsolidate compiler generated dependencies of target cpp_node_test[0m
[100%] Built target cpp_node_test
[100%] Built target ament_cmake_python_copy_turtle_fantastic
running egg_info
writing turtle_fantastic.egg-info/PKG-INFO
writing dependency_links to turtle_fantastic.egg-info/dependency_links.txt
writing top-level names to turtle_fantastic.egg-info/top_level.txt
reading manifest file 'turtle_fantastic.egg-info/SOURCES.txt'
writing manifest file 'turtle_fantastic.egg-info/SOURCES.txt'
[100%] Built target ament_cmake_python_build_turtle_fantastic_egg
-- Install configuration: ""
-- Up-to-date: /home/firm2204/exam1_ws/install/turtle_fantastic/share/turtle_fantastic/environment/pythonpath.sh
-- Up-to-date: /home/firm2204/exam1_ws/install/turtle_fantastic/share/turtle_fantastic/environment/pythonpath.dsv
-- Up-to-date: /home/firm2204/exam1_ws/install/turtle_fantastic/local/lib/python3.10/dist-packages/turtle_fantastic-0.0.0-py3.10.egg-info
-- Installing: /home/firm2204/exam1_ws/install/turtle_fantastic/local/lib/python3.10/dist-packages/turtle_fantastic-0.0.0-py3.10.egg-info/PKG-INFO
-- Installing: /home/firm2204/exam1_ws/install/turtle_fantastic/local/lib/python3.10/dist-packages/turtle_fantastic-0.0.0-py3.10.egg-info/SOURCES.txt
-- Installing: /home/firm2204/exam1_ws/install/turtle_fantastic/local/lib/python3.10/dist-packages/turtle_fantastic-0.0.0-py3.10.egg-info/dependency_links.txt
-- Installing: /home/firm2204/exam1_ws/install/turtle_fantastic/local/lib/python3.10/dist-packages/turtle_fantastic-0.0.0-py3.10.egg-info/top_level.txt
-- Up-to-date: /home/firm2204/exam1_ws/install/turtle_fantastic/local/lib/python3.10/dist-packages/turtle_fantastic
-- Up-to-date: /home/firm2204/exam1_ws/install/turtle_fantastic/local/lib/python3.10/dist-packages/turtle_fantastic/__init__.py
-- Up-to-date: /home/firm2204/exam1_ws/install/turtle_fantastic/local/lib/python3.10/dist-packages/turtle_fantastic/dummy_module.py
Listing '/home/firm2204/exam1_ws/install/turtle_fantastic/local/lib/python3.10/dist-packages/turtle_fantastic'...
-- Up-to-date: /home/firm2204/exam1_ws/install/turtle_fantastic/lib/turtle_fantastic/dummy_script.py
-- Up-to-date: /home/firm2204/exam1_ws/install/turtle_fantastic/lib/turtle_fantastic/cpp_node_test
-- Up-to-date: /home/firm2204/exam1_ws/install/turtle_fantastic/share/turtle_fantastic
-- Up-to-date: /home/firm2204/exam1_ws/install/turtle_fantastic/share/ament_index/resource_index/package_run_dependencies/turtle_fantastic
-- Up-to-date: /home/firm2204/exam1_ws/install/turtle_fantastic/share/ament_index/resource_index/parent_prefix_path/turtle_fantastic
-- Up-to-date: /home/firm2204/exam1_ws/install/turtle_fantastic/share/turtle_fantastic/environment/ament_prefix_path.sh
-- Up-to-date: /home/firm2204/exam1_ws/install/turtle_fantastic/share/turtle_fantastic/environment/ament_prefix_path.dsv
-- Up-to-date: /home/firm2204/exam1_ws/install/turtle_fantastic/share/turtle_fantastic/environment/path.sh
-- Up-to-date: /home/firm2204/exam1_ws/install/turtle_fantastic/share/turtle_fantastic/environment/path.dsv
-- Up-to-date: /home/firm2204/exam1_ws/install/turtle_fantastic/share/turtle_fantastic/local_setup.bash
-- Up-to-date: /home/firm2204/exam1_ws/install/turtle_fantastic/share/turtle_fantastic/local_setup.sh
-- Up-to-date: /home/firm2204/exam1_ws/install/turtle_fantastic/share/turtle_fantastic/local_setup.zsh
-- Up-to-date: /home/firm2204/exam1_ws/install/turtle_fantastic/share/turtle_fantastic/local_setup.dsv
-- Up-to-date: /home/firm2204/exam1_ws/install/turtle_fantastic/share/turtle_fantastic/package.dsv
-- Up-to-date: /home/firm2204/exam1_ws/install/turtle_fantastic/share/ament_index/resource_index/packages/turtle_fantastic
-- Up-to-date: /home/firm2204/exam1_ws/install/turtle_fantastic/share/turtle_fantastic/cmake/turtle_fantasticConfig.cmake
-- Up-to-date: /home/firm2204/exam1_ws/install/turtle_fantastic/share/turtle_fantastic/cmake/turtle_fantasticConfig-version.cmake
-- Up-to-date: /home/firm2204/exam1_ws/install/turtle_fantastic/share/turtle_fantastic/package.xml
