[0.003s] Invoking command in '/home/firm2204/exam1_ws/build/lec': CMAKE_PREFIX_PATH=/opt/ros/humble /usr/bin/cmake /home/firm2204/exam1_ws/src/lec -DCMAKE_INSTALL_PREFIX=/home/firm2204/exam1_ws/install/lec
[0.030s] -- The C compiler identification is GNU 11.4.0
[0.055s] -- The CXX compiler identification is GNU 11.4.0
[0.058s] -- Detecting C compiler ABI info
[0.084s] -- Detecting C compiler ABI info - done
[0.087s] -- Check for working C compiler: /usr/bin/cc - skipped
[0.087s] -- Detecting C compile features
[0.088s] -- Detecting C compile features - done
[0.089s] -- Detecting CXX compiler ABI info
[0.119s] -- Detecting CXX compiler ABI info - done
[0.123s] -- Check for working CXX compiler: /usr/bin/c++ - skipped
[0.123s] -- Detecting CXX compile features
[0.123s] -- Detecting CXX compile features - done
[0.124s] -- Found ament_cmake: 1.3.10 (/opt/ros/humble/share/ament_cmake/cmake)
[0.183s] -- Found Python3: /usr/bin/python3 (found version "3.10.12") found components: Interpreter 
[0.214s] -- Found rclcpp: 16.0.10 (/opt/ros/humble/share/rclcpp/cmake)
[0.228s] -- Found rosidl_generator_c: 3.1.5 (/opt/ros/humble/share/rosidl_generator_c/cmake)
[0.230s] -- Found rosidl_adapter: 3.1.5 (/opt/ros/humble/share/rosidl_adapter/cmake)
[0.233s] -- Found rosidl_generator_cpp: 3.1.5 (/opt/ros/humble/share/rosidl_generator_cpp/cmake)
[0.237s] -- Using all available rosidl_typesupport_c: rosidl_typesupport_fastrtps_c;rosidl_typesupport_introspection_c
[0.243s] -- Using all available rosidl_typesupport_cpp: rosidl_typesupport_fastrtps_cpp;rosidl_typesupport_introspection_cpp
[0.259s] -- Found rmw_implementation_cmake: 6.1.2 (/opt/ros/humble/share/rmw_implementation_cmake/cmake)
[0.260s] -- Found rmw_fastrtps_cpp: 6.2.7 (/opt/ros/humble/share/rmw_fastrtps_cpp/cmake)
[0.287s] -- Found OpenSSL: /usr/lib/aarch64-linux-gnu/libcrypto.so (found version "3.0.2")  
[0.298s] -- Found FastRTPS: /opt/ros/humble/include  
[0.313s] -- Using RMW implementation 'rmw_fastrtps_cpp' as default
[0.316s] -- Looking for pthread.h
[0.343s] -- Looking for pthread.h - found
[0.344s] -- Performing Test CMAKE_HAVE_LIBC_PTHREAD
[0.372s] -- Performing Test CMAKE_HAVE_LIBC_PTHREAD - Success
[0.372s] -- Found Threads: TRUE  
[0.394s] -- Found rclpy: 3.3.14 (/opt/ros/humble/share/rclpy/cmake)
[0.452s] -- Configuring done
[0.456s] -- Generating done
[0.456s] -- Build files have been written to: /home/firm2204/exam1_ws/build/lec
[0.460s] Invoked command in '/home/firm2204/exam1_ws/build/lec' returned '0': CMAKE_PREFIX_PATH=/opt/ros/humble /usr/bin/cmake /home/firm2204/exam1_ws/src/lec -DCMAKE_INSTALL_PREFIX=/home/firm2204/exam1_ws/install/lec
[0.461s] Invoking command in '/home/firm2204/exam1_ws/build/lec': CMAKE_PREFIX_PATH=/opt/ros/humble /usr/bin/cmake --build /home/firm2204/exam1_ws/build/lec -- -j6 -l6
[0.478s] [ 50%] [32mBuilding CXX object CMakeFiles/cpp_node_test.dir/src/cpp_node.cpp.o[0m
[0.481s] [ 50%] Built target ament_cmake_python_copy_lec
[0.566s] running egg_info
[0.567s] creating lec.egg-info
[0.567s] writing lec.egg-info/PKG-INFO
[0.567s] writing dependency_links to lec.egg-info/dependency_links.txt
[0.567s] writing top-level names to lec.egg-info/top_level.txt
[0.567s] writing manifest file 'lec.egg-info/SOURCES.txt'
[0.568s] reading manifest file 'lec.egg-info/SOURCES.txt'
[0.568s] writing manifest file 'lec.egg-info/SOURCES.txt'
[0.580s] [ 50%] Built target ament_cmake_python_build_lec_egg
[0.592s] [100%] [32m[1mLinking CXX executable cpp_node_test[0m
[0.644s] [100%] Built target cpp_node_test
[0.649s] Invoked command in '/home/firm2204/exam1_ws/build/lec' returned '0': CMAKE_PREFIX_PATH=/opt/ros/humble /usr/bin/cmake --build /home/firm2204/exam1_ws/build/lec -- -j6 -l6
[0.661s] Invoking command in '/home/firm2204/exam1_ws/build/lec': CMAKE_PREFIX_PATH=/opt/ros/humble /usr/bin/cmake --install /home/firm2204/exam1_ws/build/lec
[0.663s] -- Install configuration: ""
[0.663s] -- Installing: /home/firm2204/exam1_ws/install/lec/share/lec/environment/pythonpath.sh
[0.663s] -- Installing: /home/firm2204/exam1_ws/install/lec/share/lec/environment/pythonpath.dsv
[0.663s] -- Installing: /home/firm2204/exam1_ws/install/lec/local/lib/python3.10/dist-packages/lec-0.0.0-py3.10.egg-info
[0.664s] -- Installing: /home/firm2204/exam1_ws/install/lec/local/lib/python3.10/dist-packages/lec-0.0.0-py3.10.egg-info/PKG-INFO
[0.664s] -- Installing: /home/firm2204/exam1_ws/install/lec/local/lib/python3.10/dist-packages/lec-0.0.0-py3.10.egg-info/SOURCES.txt
[0.664s] -- Installing: /home/firm2204/exam1_ws/install/lec/local/lib/python3.10/dist-packages/lec-0.0.0-py3.10.egg-info/dependency_links.txt
[0.664s] -- Installing: /home/firm2204/exam1_ws/install/lec/local/lib/python3.10/dist-packages/lec-0.0.0-py3.10.egg-info/top_level.txt
[0.664s] -- Installing: /home/firm2204/exam1_ws/install/lec/local/lib/python3.10/dist-packages/lec
[0.664s] -- Installing: /home/firm2204/exam1_ws/install/lec/local/lib/python3.10/dist-packages/lec/__init__.py
[0.664s] -- Installing: /home/firm2204/exam1_ws/install/lec/local/lib/python3.10/dist-packages/lec/dummy_module.py
[0.676s] Listing '/home/firm2204/exam1_ws/install/lec/local/lib/python3.10/dist-packages/lec'...
[0.676s] Compiling '/home/firm2204/exam1_ws/install/lec/local/lib/python3.10/dist-packages/lec/__init__.py'...
[0.676s] Compiling '/home/firm2204/exam1_ws/install/lec/local/lib/python3.10/dist-packages/lec/dummy_module.py'...
[0.678s] -- Installing: /home/firm2204/exam1_ws/install/lec/lib/lec/dummy_script.py
[0.678s] -- Installing: /home/firm2204/exam1_ws/install/lec/lib/lec/cpp_node_test
[0.678s] -- Set runtime path of "/home/firm2204/exam1_ws/install/lec/lib/lec/cpp_node_test" to ""
[0.678s] -- Up-to-date: /home/firm2204/exam1_ws/install/lec/share/lec
[0.678s] -- Installing: /home/firm2204/exam1_ws/install/lec/share/ament_index/resource_index/package_run_dependencies/lec
[0.678s] -- Installing: /home/firm2204/exam1_ws/install/lec/share/ament_index/resource_index/parent_prefix_path/lec
[0.678s] -- Installing: /home/firm2204/exam1_ws/install/lec/share/lec/environment/ament_prefix_path.sh
[0.678s] -- Installing: /home/firm2204/exam1_ws/install/lec/share/lec/environment/ament_prefix_path.dsv
[0.678s] -- Installing: /home/firm2204/exam1_ws/install/lec/share/lec/environment/path.sh
[0.678s] -- Installing: /home/firm2204/exam1_ws/install/lec/share/lec/environment/path.dsv
[0.678s] -- Installing: /home/firm2204/exam1_ws/install/lec/share/lec/local_setup.bash
[0.678s] -- Installing: /home/firm2204/exam1_ws/install/lec/share/lec/local_setup.sh
[0.678s] -- Installing: /home/firm2204/exam1_ws/install/lec/share/lec/local_setup.zsh
[0.678s] -- Installing: /home/firm2204/exam1_ws/install/lec/share/lec/local_setup.dsv
[0.678s] -- Installing: /home/firm2204/exam1_ws/install/lec/share/lec/package.dsv
[0.679s] -- Installing: /home/firm2204/exam1_ws/install/lec/share/ament_index/resource_index/packages/lec
[0.679s] -- Installing: /home/firm2204/exam1_ws/install/lec/share/lec/cmake/lecConfig.cmake
[0.679s] -- Installing: /home/firm2204/exam1_ws/install/lec/share/lec/cmake/lecConfig-version.cmake
[0.679s] -- Installing: /home/firm2204/exam1_ws/install/lec/share/lec/package.xml
[0.680s] Invoked command in '/home/firm2204/exam1_ws/build/lec' returned '0': CMAKE_PREFIX_PATH=/opt/ros/humble /usr/bin/cmake --install /home/firm2204/exam1_ws/build/lec
