[0.009s] Invoking command in '/home/firm2204/exam1_ws/build/lec': CMAKE_PREFIX_PATH=${CMAKE_PREFIX_PATH}:/opt/ros/humble /usr/bin/cmake --build /home/firm2204/exam1_ws/build/lec -- -j6 -l6
[0.041s] [100%] Built target cpp_node_test
[0.050s] [100%] Built target ament_cmake_python_copy_lec
[0.159s] running egg_info
[0.159s] writing lec.egg-info/PKG-INFO
[0.159s] writing dependency_links to lec.egg-info/dependency_links.txt
[0.159s] writing top-level names to lec.egg-info/top_level.txt
[0.159s] reading manifest file 'lec.egg-info/SOURCES.txt'
[0.159s] writing manifest file 'lec.egg-info/SOURCES.txt'
[0.179s] [100%] Built target ament_cmake_python_build_lec_egg
[0.184s] Invoked command in '/home/firm2204/exam1_ws/build/lec' returned '0': CMAKE_PREFIX_PATH=${CMAKE_PREFIX_PATH}:/opt/ros/humble /usr/bin/cmake --build /home/firm2204/exam1_ws/build/lec -- -j6 -l6
[0.202s] Invoking command in '/home/firm2204/exam1_ws/build/lec': CMAKE_PREFIX_PATH=${CMAKE_PREFIX_PATH}:/opt/ros/humble /usr/bin/cmake --install /home/firm2204/exam1_ws/build/lec
[0.207s] -- Install configuration: ""
[0.207s] -- Up-to-date: /home/firm2204/exam1_ws/install/lec/share/lec/environment/pythonpath.sh
[0.207s] -- Up-to-date: /home/firm2204/exam1_ws/install/lec/share/lec/environment/pythonpath.dsv
[0.207s] -- Up-to-date: /home/firm2204/exam1_ws/install/lec/local/lib/python3.10/dist-packages/lec-0.0.0-py3.10.egg-info
[0.207s] -- Installing: /home/firm2204/exam1_ws/install/lec/local/lib/python3.10/dist-packages/lec-0.0.0-py3.10.egg-info/PKG-INFO
[0.207s] -- Installing: /home/firm2204/exam1_ws/install/lec/local/lib/python3.10/dist-packages/lec-0.0.0-py3.10.egg-info/SOURCES.txt
[0.207s] -- Installing: /home/firm2204/exam1_ws/install/lec/local/lib/python3.10/dist-packages/lec-0.0.0-py3.10.egg-info/dependency_links.txt
[0.207s] -- Installing: /home/firm2204/exam1_ws/install/lec/local/lib/python3.10/dist-packages/lec-0.0.0-py3.10.egg-info/top_level.txt
[0.207s] -- Up-to-date: /home/firm2204/exam1_ws/install/lec/local/lib/python3.10/dist-packages/lec
[0.207s] -- Up-to-date: /home/firm2204/exam1_ws/install/lec/local/lib/python3.10/dist-packages/lec/__init__.py
[0.207s] -- Up-to-date: /home/firm2204/exam1_ws/install/lec/local/lib/python3.10/dist-packages/lec/dummy_module.py
[0.221s] Listing '/home/firm2204/exam1_ws/install/lec/local/lib/python3.10/dist-packages/lec'...
[0.225s] -- Up-to-date: /home/firm2204/exam1_ws/install/lec/lib/lec/dummy_script.py
[0.225s] -- Up-to-date: /home/firm2204/exam1_ws/install/lec/lib/lec/test.py
[0.225s] -- Up-to-date: /home/firm2204/exam1_ws/install/lec/lib/lec/cpp_node_test
[0.225s] -- Up-to-date: /home/firm2204/exam1_ws/install/lec/share/lec
[0.225s] -- Up-to-date: /home/firm2204/exam1_ws/install/lec/share/ament_index/resource_index/package_run_dependencies/lec
[0.226s] -- Up-to-date: /home/firm2204/exam1_ws/install/lec/share/ament_index/resource_index/parent_prefix_path/lec
[0.226s] -- Up-to-date: /home/firm2204/exam1_ws/install/lec/share/lec/environment/ament_prefix_path.sh
[0.226s] -- Up-to-date: /home/firm2204/exam1_ws/install/lec/share/lec/environment/ament_prefix_path.dsv
[0.226s] -- Up-to-date: /home/firm2204/exam1_ws/install/lec/share/lec/environment/path.sh
[0.226s] -- Up-to-date: /home/firm2204/exam1_ws/install/lec/share/lec/environment/path.dsv
[0.226s] -- Up-to-date: /home/firm2204/exam1_ws/install/lec/share/lec/local_setup.bash
[0.226s] -- Up-to-date: /home/firm2204/exam1_ws/install/lec/share/lec/local_setup.sh
[0.226s] -- Up-to-date: /home/firm2204/exam1_ws/install/lec/share/lec/local_setup.zsh
[0.226s] -- Up-to-date: /home/firm2204/exam1_ws/install/lec/share/lec/local_setup.dsv
[0.226s] -- Installing: /home/firm2204/exam1_ws/install/lec/share/lec/package.dsv
[0.226s] -- Up-to-date: /home/firm2204/exam1_ws/install/lec/share/ament_index/resource_index/packages/lec
[0.226s] -- Up-to-date: /home/firm2204/exam1_ws/install/lec/share/lec/cmake/lecConfig.cmake
[0.226s] -- Up-to-date: /home/firm2204/exam1_ws/install/lec/share/lec/cmake/lecConfig-version.cmake
[0.226s] -- Up-to-date: /home/firm2204/exam1_ws/install/lec/share/lec/package.xml
[0.229s] Invoked command in '/home/firm2204/exam1_ws/build/lec' returned '0': CMAKE_PREFIX_PATH=${CMAKE_PREFIX_PATH}:/opt/ros/humble /usr/bin/cmake --install /home/firm2204/exam1_ws/build/lec
